2024-04-27 16:21:49,701:WARNING:
'cuml' is a soft dependency and not included in the pycaret installation. Please run: `pip install cuml` to install.
2024-04-27 16:21:49,701:WARNING:
'cuml' is a soft dependency and not included in the pycaret installation. Please run: `pip install cuml` to install.
2024-04-27 16:21:49,701:WARNING:
'cuml' is a soft dependency and not included in the pycaret installation. Please run: `pip install cuml` to install.
2024-04-27 16:21:49,701:WARNING:
'cuml' is a soft dependency and not included in the pycaret installation. Please run: `pip install cuml` to install.
2024-04-27 16:21:54,259:INFO:PyCaret ClassificationExperiment
2024-04-27 16:21:54,259:INFO:Logging name: clf-default-name
2024-04-27 16:21:54,260:INFO:ML Usecase: MLUsecase.CLASSIFICATION
2024-04-27 16:21:54,260:INFO:version 3.2.0
2024-04-27 16:21:54,260:INFO:Initializing setup()
2024-04-27 16:21:54,260:INFO:self.USI: 1196
2024-04-27 16:21:54,260:INFO:self._variable_keys: {'gpu_n_jobs_param', 'fold_generator', 'gpu_param', 'X_train', 'log_plots_param', '_ml_usecase', 'is_multiclass', 'n_jobs_param', 'fold_shuffle_param', 'exp_name_log', 'USI', 'exp_id', 'X', 'pipeline', 'idx', 'html_param', 'logging_param', '_available_plots', 'target_param', 'X_test', 'fix_imbalance', 'y_test', 'memory', 'y_train', 'y', 'seed', 'data', 'fold_groups_param'}
2024-04-27 16:21:54,260:INFO:Checking environment
2024-04-27 16:21:54,260:INFO:python_version: 3.11.4
2024-04-27 16:21:54,260:INFO:python_build: ('tags/v3.11.4:d2340ef', 'Jun  7 2023 05:45:37')
2024-04-27 16:21:54,260:INFO:machine: AMD64
2024-04-27 16:21:54,316:INFO:platform: Windows-10-10.0.22631-SP0
2024-04-27 16:21:54,323:INFO:Memory: svmem(total=16473116672, available=6587039744, percent=60.0, used=9886076928, free=6587039744)
2024-04-27 16:21:54,323:INFO:Physical Core: 8
2024-04-27 16:21:54,323:INFO:Logical Core: 16
2024-04-27 16:21:54,323:INFO:Checking libraries
2024-04-27 16:21:54,323:INFO:System:
2024-04-27 16:21:54,323:INFO:    python: 3.11.4 (tags/v3.11.4:d2340ef, Jun  7 2023, 05:45:37) [MSC v.1934 64 bit (AMD64)]
2024-04-27 16:21:54,323:INFO:executable: C:\Users\KIIT\AppData\Local\Programs\Python\Python311\python.exe
2024-04-27 16:21:54,323:INFO:   machine: Windows-10-10.0.22631-SP0
2024-04-27 16:21:54,323:INFO:PyCaret required dependencies:
2024-04-27 16:21:54,379:INFO:                 pip: 24.0
2024-04-27 16:21:54,379:INFO:          setuptools: 69.0.3
2024-04-27 16:21:54,379:INFO:             pycaret: 3.2.0
2024-04-27 16:21:54,379:INFO:             IPython: 8.15.0
2024-04-27 16:21:54,379:INFO:          ipywidgets: 8.1.1
2024-04-27 16:21:54,379:INFO:                tqdm: 4.66.1
2024-04-27 16:21:54,379:INFO:               numpy: 1.24.2
2024-04-27 16:21:54,379:INFO:              pandas: 1.5.3
2024-04-27 16:21:54,379:INFO:              jinja2: 3.1.2
2024-04-27 16:21:54,379:INFO:               scipy: 1.10.1
2024-04-27 16:21:54,379:INFO:              joblib: 1.3.2
2024-04-27 16:21:54,379:INFO:             sklearn: 1.2.2
2024-04-27 16:21:54,380:INFO:                pyod: 1.1.2
2024-04-27 16:21:54,380:INFO:            imblearn: 0.11.0
2024-04-27 16:21:54,380:INFO:   category_encoders: 2.6.3
2024-04-27 16:21:54,380:INFO:            lightgbm: 4.2.0
2024-04-27 16:21:54,380:INFO:               numba: 0.58.1
2024-04-27 16:21:54,380:INFO:            requests: 2.31.0
2024-04-27 16:21:54,380:INFO:          matplotlib: 3.6.0
2024-04-27 16:21:54,380:INFO:          scikitplot: 0.3.7
2024-04-27 16:21:54,380:INFO:         yellowbrick: 1.5
2024-04-27 16:21:54,380:INFO:              plotly: 5.18.0
2024-04-27 16:21:54,380:INFO:    plotly-resampler: Not installed
2024-04-27 16:21:54,380:INFO:             kaleido: 0.2.1
2024-04-27 16:21:54,380:INFO:           schemdraw: 0.15
2024-04-27 16:21:54,380:INFO:         statsmodels: 0.14.1
2024-04-27 16:21:54,380:INFO:              sktime: 0.21.1
2024-04-27 16:21:54,380:INFO:               tbats: 1.1.3
2024-04-27 16:21:54,380:INFO:            pmdarima: 2.0.4
2024-04-27 16:21:54,380:INFO:              psutil: 5.9.5
2024-04-27 16:21:54,380:INFO:          markupsafe: 2.0.1
2024-04-27 16:21:54,380:INFO:             pickle5: Not installed
2024-04-27 16:21:54,380:INFO:         cloudpickle: 3.0.0
2024-04-27 16:21:54,380:INFO:         deprecation: 2.1.0
2024-04-27 16:21:54,380:INFO:              xxhash: 3.4.1
2024-04-27 16:21:54,380:INFO:           wurlitzer: Not installed
2024-04-27 16:21:54,380:INFO:PyCaret optional dependencies:
2024-04-27 16:21:54,868:INFO:                shap: 0.45.0
2024-04-27 16:21:54,868:INFO:           interpret: Not installed
2024-04-27 16:21:54,868:INFO:                umap: Not installed
2024-04-27 16:21:54,868:INFO:     ydata_profiling: 4.6.4
2024-04-27 16:21:54,868:INFO:  explainerdashboard: Not installed
2024-04-27 16:21:54,868:INFO:             autoviz: Not installed
2024-04-27 16:21:54,868:INFO:           fairlearn: Not installed
2024-04-27 16:21:54,868:INFO:          deepchecks: Not installed
2024-04-27 16:21:54,868:INFO:             xgboost: 2.0.3
2024-04-27 16:21:54,868:INFO:            catboost: Not installed
2024-04-27 16:21:54,868:INFO:              kmodes: Not installed
2024-04-27 16:21:54,868:INFO:             mlxtend: Not installed
2024-04-27 16:21:54,868:INFO:       statsforecast: Not installed
2024-04-27 16:21:54,868:INFO:        tune_sklearn: Not installed
2024-04-27 16:21:54,868:INFO:                 ray: Not installed
2024-04-27 16:21:54,868:INFO:            hyperopt: Not installed
2024-04-27 16:21:54,868:INFO:              optuna: Not installed
2024-04-27 16:21:54,868:INFO:               skopt: Not installed
2024-04-27 16:21:54,868:INFO:              mlflow: Not installed
2024-04-27 16:21:54,868:INFO:              gradio: Not installed
2024-04-27 16:21:54,868:INFO:             fastapi: 0.109.0
2024-04-27 16:21:54,868:INFO:             uvicorn: 0.26.0
2024-04-27 16:21:54,868:INFO:              m2cgen: Not installed
2024-04-27 16:21:54,868:INFO:           evidently: Not installed
2024-04-27 16:21:54,868:INFO:               fugue: Not installed
2024-04-27 16:21:54,868:INFO:           streamlit: 1.30.0
2024-04-27 16:21:54,868:INFO:             prophet: 1.1.5
2024-04-27 16:21:54,868:INFO:None
2024-04-27 16:21:54,868:INFO:Set up data.
2024-04-27 16:21:54,874:INFO:Set up folding strategy.
2024-04-27 16:21:54,874:INFO:Set up train/test split.
2024-04-27 16:21:54,878:INFO:Set up index.
2024-04-27 16:21:54,878:INFO:Assigning column types.
2024-04-27 16:21:54,881:INFO:Engine successfully changes for model 'lr' to 'sklearn'.
2024-04-27 16:21:54,925:INFO:Engine for model 'knn' has not been set explicitly, hence returning None.
2024-04-27 16:21:54,936:INFO:Engine for model 'rbfsvm' has not been set explicitly, hence returning None.
2024-04-27 16:21:54,968:INFO:Soft dependency imported: xgboost: 2.0.3
2024-04-27 16:21:54,971:WARNING:
'catboost' is a soft dependency and not included in the pycaret installation. Please run: `pip install catboost` to install.
Alternately, you can install this by running `pip install pycaret[models]`
2024-04-27 16:21:55,019:INFO:Engine for model 'knn' has not been set explicitly, hence returning None.
2024-04-27 16:21:55,019:INFO:Engine for model 'rbfsvm' has not been set explicitly, hence returning None.
2024-04-27 16:21:55,047:INFO:Soft dependency imported: xgboost: 2.0.3
2024-04-27 16:21:55,049:WARNING:
'catboost' is a soft dependency and not included in the pycaret installation. Please run: `pip install catboost` to install.
Alternately, you can install this by running `pip install pycaret[models]`
2024-04-27 16:21:55,050:INFO:Engine successfully changes for model 'knn' to 'sklearn'.
2024-04-27 16:21:55,095:INFO:Engine for model 'rbfsvm' has not been set explicitly, hence returning None.
2024-04-27 16:21:55,123:INFO:Soft dependency imported: xgboost: 2.0.3
2024-04-27 16:21:55,125:WARNING:
'catboost' is a soft dependency and not included in the pycaret installation. Please run: `pip install catboost` to install.
Alternately, you can install this by running `pip install pycaret[models]`
2024-04-27 16:21:55,172:INFO:Engine for model 'rbfsvm' has not been set explicitly, hence returning None.
2024-04-27 16:21:55,199:INFO:Soft dependency imported: xgboost: 2.0.3
2024-04-27 16:21:55,201:WARNING:
'catboost' is a soft dependency and not included in the pycaret installation. Please run: `pip install catboost` to install.
Alternately, you can install this by running `pip install pycaret[models]`
2024-04-27 16:21:55,202:INFO:Engine successfully changes for model 'rbfsvm' to 'sklearn'.
2024-04-27 16:21:55,280:INFO:Soft dependency imported: xgboost: 2.0.3
2024-04-27 16:21:55,283:WARNING:
'catboost' is a soft dependency and not included in the pycaret installation. Please run: `pip install catboost` to install.
Alternately, you can install this by running `pip install pycaret[models]`
2024-04-27 16:21:55,357:INFO:Soft dependency imported: xgboost: 2.0.3
2024-04-27 16:21:55,360:WARNING:
'catboost' is a soft dependency and not included in the pycaret installation. Please run: `pip install catboost` to install.
Alternately, you can install this by running `pip install pycaret[models]`
2024-04-27 16:21:55,361:INFO:Preparing preprocessing pipeline...
2024-04-27 16:21:55,362:INFO:Set up simple imputation.
2024-04-27 16:21:55,377:INFO:Finished creating preprocessing pipeline.
2024-04-27 16:21:55,380:INFO:Pipeline: Pipeline(memory=FastMemory(location=C:\Users\KIIT\AppData\Local\Temp\joblib),
         steps=[('numerical_imputer',
                 TransformerWrapper(exclude=None,
                                    include=['age', 'sex', 'cp', 'trestbps',
                                             'chol', 'fbs', 'restecg',
                                             'thalach', 'exang', 'oldpeak',
                                             'slope', 'ca', 'thal'],
                                    transformer=SimpleImputer(add_indicator=False,
                                                              copy=True,
                                                              fill_value=None,
                                                              keep_empty_features=False,
                                                              missing_values=nan,
                                                              strategy='mean',
                                                              verbose='deprecated'))),
                ('categorical_imputer',
                 TransformerWrapper(exclude=None, include=[],
                                    transformer=SimpleImputer(add_indicator=False,
                                                              copy=True,
                                                              fill_value=None,
                                                              keep_empty_features=False,
                                                              missing_values=nan,
                                                              strategy='most_frequent',
                                                              verbose='deprecated')))],
         verbose=False)
2024-04-27 16:21:55,380:INFO:Creating final display dataframe.
2024-04-27 16:21:55,432:INFO:Setup _display_container:                     Description             Value
0                    Session id              6634
1                        Target            target
2                   Target type            Binary
3           Original data shape         (606, 14)
4        Transformed data shape         (606, 14)
5   Transformed train set shape         (424, 14)
6    Transformed test set shape         (182, 14)
7              Numeric features                13
8                    Preprocess              True
9               Imputation type            simple
10           Numeric imputation              mean
11       Categorical imputation              mode
12               Fold Generator   StratifiedKFold
13                  Fold Number                10
14                     CPU Jobs                -1
15                      Use GPU             False
16               Log Experiment             False
17              Experiment Name  clf-default-name
18                          USI              1196
2024-04-27 16:21:55,515:INFO:Soft dependency imported: xgboost: 2.0.3
2024-04-27 16:21:55,518:WARNING:
'catboost' is a soft dependency and not included in the pycaret installation. Please run: `pip install catboost` to install.
Alternately, you can install this by running `pip install pycaret[models]`
2024-04-27 16:21:55,592:INFO:Soft dependency imported: xgboost: 2.0.3
2024-04-27 16:21:55,594:WARNING:
'catboost' is a soft dependency and not included in the pycaret installation. Please run: `pip install catboost` to install.
Alternately, you can install this by running `pip install pycaret[models]`
2024-04-27 16:21:55,595:INFO:setup() successfully completed in 1.34s...............
2024-04-27 16:21:55,598:INFO:Initializing compare_models()
2024-04-27 16:21:55,598:INFO:compare_models(self=<pycaret.classification.oop.ClassificationExperiment object at 0x0000015CEB861490>, include=None, exclude=None, fold=None, round=4, cross_validation=True, sort=Accuracy, n_select=1, budget_time=None, turbo=True, errors=ignore, fit_kwargs=None, groups=None, experiment_custom_tags=None, probability_threshold=None, verbose=True, parallel=None, caller_params={'self': <pycaret.classification.oop.ClassificationExperiment object at 0x0000015CEB861490>, 'include': None, 'exclude': None, 'fold': None, 'round': 4, 'cross_validation': True, 'sort': 'Accuracy', 'n_select': 1, 'budget_time': None, 'turbo': True, 'errors': 'ignore', 'fit_kwargs': None, 'groups': None, 'experiment_custom_tags': None, 'probability_threshold': None, 'engine': None, 'verbose': True, 'parallel': None, '__class__': <class 'pycaret.classification.oop.ClassificationExperiment'>})
2024-04-27 16:21:55,598:INFO:Checking exceptions
2024-04-27 16:21:55,601:INFO:Preparing display monitor
2024-04-27 16:21:55,605:INFO:Initializing Logistic Regression
2024-04-27 16:21:55,605:INFO:Total runtime is 0.0 minutes
2024-04-27 16:21:55,605:INFO:SubProcess create_model() called ==================================
2024-04-27 16:21:55,605:INFO:Initializing create_model()
2024-04-27 16:21:55,605:INFO:create_model(self=<pycaret.classification.oop.ClassificationExperiment object at 0x0000015CEB861490>, estimator=lr, fold=StratifiedKFold(n_splits=10, random_state=None, shuffle=False), round=4, cross_validation=True, predict=True, fit_kwargs={}, groups=None, refit=False, probability_threshold=None, experiment_custom_tags=None, verbose=False, system=False, add_to_model_list=True, metrics=None, display=<pycaret.internal.display.display.CommonDisplay object at 0x0000015CF66A1610>, model_only=True, return_train_score=False, error_score=0.0, kwargs={})
2024-04-27 16:21:55,605:INFO:Checking exceptions
2024-04-27 16:21:55,605:INFO:Importing libraries
2024-04-27 16:21:55,605:INFO:Copying training dataset
2024-04-27 16:21:55,607:INFO:Defining folds
2024-04-27 16:21:55,608:INFO:Declaring metric variables
2024-04-27 16:21:55,608:INFO:Importing untrained model
2024-04-27 16:21:55,608:INFO:Logistic Regression Imported successfully
2024-04-27 16:21:55,608:INFO:Starting cross validation
2024-04-27 16:21:55,609:INFO:Cross validating with StratifiedKFold(n_splits=10, random_state=None, shuffle=False), n_jobs=-1
2024-04-27 16:21:59,846:INFO:Calculating mean and std
2024-04-27 16:21:59,848:INFO:Creating metrics dataframe
2024-04-27 16:21:59,853:INFO:Uploading results into container
2024-04-27 16:21:59,854:INFO:Uploading model into container now
2024-04-27 16:21:59,855:INFO:_master_model_container: 1
2024-04-27 16:21:59,855:INFO:_display_container: 2
2024-04-27 16:21:59,856:INFO:LogisticRegression(C=1.0, class_weight=None, dual=False, fit_intercept=True,
                   intercept_scaling=1, l1_ratio=None, max_iter=1000,
                   multi_class='auto', n_jobs=None, penalty='l2',
                   random_state=6634, solver='lbfgs', tol=0.0001, verbose=0,
                   warm_start=False)
2024-04-27 16:21:59,856:INFO:create_model() successfully completed......................................
2024-04-27 16:22:00,026:INFO:SubProcess create_model() end ==================================
2024-04-27 16:22:00,026:INFO:Creating metrics dataframe
2024-04-27 16:22:00,030:INFO:Initializing K Neighbors Classifier
2024-04-27 16:22:00,030:INFO:Total runtime is 0.07374149958292643 minutes
2024-04-27 16:22:00,030:INFO:SubProcess create_model() called ==================================
2024-04-27 16:22:00,030:INFO:Initializing create_model()
2024-04-27 16:22:00,030:INFO:create_model(self=<pycaret.classification.oop.ClassificationExperiment object at 0x0000015CEB861490>, estimator=knn, fold=StratifiedKFold(n_splits=10, random_state=None, shuffle=False), round=4, cross_validation=True, predict=True, fit_kwargs={}, groups=None, refit=False, probability_threshold=None, experiment_custom_tags=None, verbose=False, system=False, add_to_model_list=True, metrics=None, display=<pycaret.internal.display.display.CommonDisplay object at 0x0000015CF66A1610>, model_only=True, return_train_score=False, error_score=0.0, kwargs={})
2024-04-27 16:22:00,030:INFO:Checking exceptions
2024-04-27 16:22:00,030:INFO:Importing libraries
2024-04-27 16:22:00,030:INFO:Copying training dataset
2024-04-27 16:22:00,033:INFO:Defining folds
2024-04-27 16:22:00,033:INFO:Declaring metric variables
2024-04-27 16:22:00,033:INFO:Importing untrained model
2024-04-27 16:22:00,033:INFO:K Neighbors Classifier Imported successfully
2024-04-27 16:22:00,033:INFO:Starting cross validation
2024-04-27 16:22:00,034:INFO:Cross validating with StratifiedKFold(n_splits=10, random_state=None, shuffle=False), n_jobs=-1
2024-04-27 16:22:02,722:INFO:Calculating mean and std
2024-04-27 16:22:02,723:INFO:Creating metrics dataframe
2024-04-27 16:22:02,727:INFO:Uploading results into container
2024-04-27 16:22:02,728:INFO:Uploading model into container now
2024-04-27 16:22:02,729:INFO:_master_model_container: 2
2024-04-27 16:22:02,729:INFO:_display_container: 2
2024-04-27 16:22:02,729:INFO:KNeighborsClassifier(algorithm='auto', leaf_size=30, metric='minkowski',
                     metric_params=None, n_jobs=-1, n_neighbors=5, p=2,
                     weights='uniform')
2024-04-27 16:22:02,730:INFO:create_model() successfully completed......................................
2024-04-27 16:22:02,899:INFO:SubProcess create_model() end ==================================
2024-04-27 16:22:02,899:INFO:Creating metrics dataframe
2024-04-27 16:22:02,902:INFO:Initializing Naive Bayes
2024-04-27 16:22:02,903:INFO:Total runtime is 0.12163434823354086 minutes
2024-04-27 16:22:02,903:INFO:SubProcess create_model() called ==================================
2024-04-27 16:22:02,903:INFO:Initializing create_model()
2024-04-27 16:22:02,903:INFO:create_model(self=<pycaret.classification.oop.ClassificationExperiment object at 0x0000015CEB861490>, estimator=nb, fold=StratifiedKFold(n_splits=10, random_state=None, shuffle=False), round=4, cross_validation=True, predict=True, fit_kwargs={}, groups=None, refit=False, probability_threshold=None, experiment_custom_tags=None, verbose=False, system=False, add_to_model_list=True, metrics=None, display=<pycaret.internal.display.display.CommonDisplay object at 0x0000015CF66A1610>, model_only=True, return_train_score=False, error_score=0.0, kwargs={})
2024-04-27 16:22:02,903:INFO:Checking exceptions
2024-04-27 16:22:02,903:INFO:Importing libraries
2024-04-27 16:22:02,903:INFO:Copying training dataset
2024-04-27 16:22:02,906:INFO:Defining folds
2024-04-27 16:22:02,906:INFO:Declaring metric variables
2024-04-27 16:22:02,906:INFO:Importing untrained model
2024-04-27 16:22:02,906:INFO:Naive Bayes Imported successfully
2024-04-27 16:22:02,906:INFO:Starting cross validation
2024-04-27 16:22:02,907:INFO:Cross validating with StratifiedKFold(n_splits=10, random_state=None, shuffle=False), n_jobs=-1
2024-04-27 16:22:02,965:INFO:Calculating mean and std
2024-04-27 16:22:02,965:INFO:Creating metrics dataframe
2024-04-27 16:22:02,968:INFO:Uploading results into container
2024-04-27 16:22:02,968:INFO:Uploading model into container now
2024-04-27 16:22:02,969:INFO:_master_model_container: 3
2024-04-27 16:22:02,969:INFO:_display_container: 2
2024-04-27 16:22:02,969:INFO:GaussianNB(priors=None, var_smoothing=1e-09)
2024-04-27 16:22:02,969:INFO:create_model() successfully completed......................................
2024-04-27 16:22:03,101:INFO:SubProcess create_model() end ==================================
2024-04-27 16:22:03,101:INFO:Creating metrics dataframe
2024-04-27 16:22:03,105:INFO:Initializing Decision Tree Classifier
2024-04-27 16:22:03,105:INFO:Total runtime is 0.12498996257781983 minutes
2024-04-27 16:22:03,105:INFO:SubProcess create_model() called ==================================
2024-04-27 16:22:03,105:INFO:Initializing create_model()
2024-04-27 16:22:03,105:INFO:create_model(self=<pycaret.classification.oop.ClassificationExperiment object at 0x0000015CEB861490>, estimator=dt, fold=StratifiedKFold(n_splits=10, random_state=None, shuffle=False), round=4, cross_validation=True, predict=True, fit_kwargs={}, groups=None, refit=False, probability_threshold=None, experiment_custom_tags=None, verbose=False, system=False, add_to_model_list=True, metrics=None, display=<pycaret.internal.display.display.CommonDisplay object at 0x0000015CF66A1610>, model_only=True, return_train_score=False, error_score=0.0, kwargs={})
2024-04-27 16:22:03,106:INFO:Checking exceptions
2024-04-27 16:22:03,106:INFO:Importing libraries
2024-04-27 16:22:03,106:INFO:Copying training dataset
2024-04-27 16:22:03,109:INFO:Defining folds
2024-04-27 16:22:03,109:INFO:Declaring metric variables
2024-04-27 16:22:03,109:INFO:Importing untrained model
2024-04-27 16:22:03,109:INFO:Decision Tree Classifier Imported successfully
2024-04-27 16:22:03,109:INFO:Starting cross validation
2024-04-27 16:22:03,110:INFO:Cross validating with StratifiedKFold(n_splits=10, random_state=None, shuffle=False), n_jobs=-1
2024-04-27 16:22:03,169:INFO:Calculating mean and std
2024-04-27 16:22:03,169:INFO:Creating metrics dataframe
2024-04-27 16:22:03,172:INFO:Uploading results into container
2024-04-27 16:22:03,172:INFO:Uploading model into container now
2024-04-27 16:22:03,173:INFO:_master_model_container: 4
2024-04-27 16:22:03,173:INFO:_display_container: 2
2024-04-27 16:22:03,173:INFO:DecisionTreeClassifier(ccp_alpha=0.0, class_weight=None, criterion='gini',
                       max_depth=None, max_features=None, max_leaf_nodes=None,
                       min_impurity_decrease=0.0, min_samples_leaf=1,
                       min_samples_split=2, min_weight_fraction_leaf=0.0,
                       random_state=6634, splitter='best')
2024-04-27 16:22:03,173:INFO:create_model() successfully completed......................................
2024-04-27 16:22:03,303:INFO:SubProcess create_model() end ==================================
2024-04-27 16:22:03,303:INFO:Creating metrics dataframe
2024-04-27 16:22:03,307:INFO:Initializing SVM - Linear Kernel
2024-04-27 16:22:03,307:INFO:Total runtime is 0.1283570090929667 minutes
2024-04-27 16:22:03,307:INFO:SubProcess create_model() called ==================================
2024-04-27 16:22:03,307:INFO:Initializing create_model()
2024-04-27 16:22:03,307:INFO:create_model(self=<pycaret.classification.oop.ClassificationExperiment object at 0x0000015CEB861490>, estimator=svm, fold=StratifiedKFold(n_splits=10, random_state=None, shuffle=False), round=4, cross_validation=True, predict=True, fit_kwargs={}, groups=None, refit=False, probability_threshold=None, experiment_custom_tags=None, verbose=False, system=False, add_to_model_list=True, metrics=None, display=<pycaret.internal.display.display.CommonDisplay object at 0x0000015CF66A1610>, model_only=True, return_train_score=False, error_score=0.0, kwargs={})
2024-04-27 16:22:03,307:INFO:Checking exceptions
2024-04-27 16:22:03,307:INFO:Importing libraries
2024-04-27 16:22:03,307:INFO:Copying training dataset
2024-04-27 16:22:03,310:INFO:Defining folds
2024-04-27 16:22:03,310:INFO:Declaring metric variables
2024-04-27 16:22:03,310:INFO:Importing untrained model
2024-04-27 16:22:03,311:INFO:SVM - Linear Kernel Imported successfully
2024-04-27 16:22:03,311:INFO:Starting cross validation
2024-04-27 16:22:03,312:INFO:Cross validating with StratifiedKFold(n_splits=10, random_state=None, shuffle=False), n_jobs=-1
2024-04-27 16:22:03,342:WARNING:C:\Users\KIIT\AppData\Local\Programs\Python\Python311\Lib\site-packages\pycaret\internal\metrics.py:190: FitFailedWarning: Metric 'make_scorer(roc_auc_score, needs_proba=True, error_score=0.0, average=weighted, multi_class=ovr)' failed and error score 0.0 has been returned instead. If this is a custom metric, this usually means that the error is in the metric code. Full exception below:
Traceback (most recent call last):
  File "C:\Users\KIIT\AppData\Local\Programs\Python\Python311\Lib\site-packages\sklearn\metrics\_scorer.py", line 76, in _cached_call
    return cache[method]
           ~~~~~^^^^^^^^
KeyError: 'predict_proba'

During handling of the above exception, another exception occurred:

Traceback (most recent call last):
  File "C:\Users\KIIT\AppData\Local\Programs\Python\Python311\Lib\site-packages\pycaret\internal\metrics.py", line 182, in _score
    return super()._score(
           ^^^^^^^^^^^^^^^
  File "C:\Users\KIIT\AppData\Local\Programs\Python\Python311\Lib\site-packages\sklearn\metrics\_scorer.py", line 316, in _score
    y_pred = method_caller(clf, "predict_proba", X)
             ^^^^^^^^^^^^^^^^^^^^^^^^^^^^^^^^^^^^^^
  File "C:\Users\KIIT\AppData\Local\Programs\Python\Python311\Lib\site-packages\sklearn\metrics\_scorer.py", line 78, in _cached_call
    result = getattr(estimator, method)(*args, **kwargs)
             ^^^^^^^^^^^^^^^^^^^^^^^^^^
  File "C:\Users\KIIT\AppData\Local\Programs\Python\Python311\Lib\site-packages\pycaret\internal\pipeline.py", line 127, in __getattr__
    return getattr(self._final_estimator, name)
           ^^^^^^^^^^^^^^^^^^^^^^^^^^^^^^^^^^^^
  File "C:\Users\KIIT\AppData\Local\Programs\Python\Python311\Lib\site-packages\sklearn\utils\_available_if.py", line 32, in __get__
    if not self.check(obj):
           ^^^^^^^^^^^^^^^
  File "C:\Users\KIIT\AppData\Local\Programs\Python\Python311\Lib\site-packages\sklearn\linear_model\_stochastic_gradient.py", line 1235, in _check_proba
    raise AttributeError(
AttributeError: probability estimates are not available for loss='hinge'

  warnings.warn(

2024-04-27 16:22:03,342:WARNING:C:\Users\KIIT\AppData\Local\Programs\Python\Python311\Lib\site-packages\pycaret\internal\metrics.py:190: FitFailedWarning: Metric 'make_scorer(roc_auc_score, needs_proba=True, error_score=0.0, average=weighted, multi_class=ovr)' failed and error score 0.0 has been returned instead. If this is a custom metric, this usually means that the error is in the metric code. Full exception below:
Traceback (most recent call last):
  File "C:\Users\KIIT\AppData\Local\Programs\Python\Python311\Lib\site-packages\sklearn\metrics\_scorer.py", line 76, in _cached_call
    return cache[method]
           ~~~~~^^^^^^^^
KeyError: 'predict_proba'

During handling of the above exception, another exception occurred:

Traceback (most recent call last):
  File "C:\Users\KIIT\AppData\Local\Programs\Python\Python311\Lib\site-packages\pycaret\internal\metrics.py", line 182, in _score
    return super()._score(
           ^^^^^^^^^^^^^^^
  File "C:\Users\KIIT\AppData\Local\Programs\Python\Python311\Lib\site-packages\sklearn\metrics\_scorer.py", line 316, in _score
    y_pred = method_caller(clf, "predict_proba", X)
             ^^^^^^^^^^^^^^^^^^^^^^^^^^^^^^^^^^^^^^
  File "C:\Users\KIIT\AppData\Local\Programs\Python\Python311\Lib\site-packages\sklearn\metrics\_scorer.py", line 78, in _cached_call
    result = getattr(estimator, method)(*args, **kwargs)
             ^^^^^^^^^^^^^^^^^^^^^^^^^^
  File "C:\Users\KIIT\AppData\Local\Programs\Python\Python311\Lib\site-packages\pycaret\internal\pipeline.py", line 127, in __getattr__
    return getattr(self._final_estimator, name)
           ^^^^^^^^^^^^^^^^^^^^^^^^^^^^^^^^^^^^
  File "C:\Users\KIIT\AppData\Local\Programs\Python\Python311\Lib\site-packages\sklearn\utils\_available_if.py", line 32, in __get__
    if not self.check(obj):
           ^^^^^^^^^^^^^^^
  File "C:\Users\KIIT\AppData\Local\Programs\Python\Python311\Lib\site-packages\sklearn\linear_model\_stochastic_gradient.py", line 1235, in _check_proba
    raise AttributeError(
AttributeError: probability estimates are not available for loss='hinge'

  warnings.warn(

2024-04-27 16:22:03,342:WARNING:C:\Users\KIIT\AppData\Local\Programs\Python\Python311\Lib\site-packages\pycaret\internal\metrics.py:190: FitFailedWarning: Metric 'make_scorer(roc_auc_score, needs_proba=True, error_score=0.0, average=weighted, multi_class=ovr)' failed and error score 0.0 has been returned instead. If this is a custom metric, this usually means that the error is in the metric code. Full exception below:
Traceback (most recent call last):
  File "C:\Users\KIIT\AppData\Local\Programs\Python\Python311\Lib\site-packages\sklearn\metrics\_scorer.py", line 76, in _cached_call
    return cache[method]
           ~~~~~^^^^^^^^
KeyError: 'predict_proba'

During handling of the above exception, another exception occurred:

Traceback (most recent call last):
  File "C:\Users\KIIT\AppData\Local\Programs\Python\Python311\Lib\site-packages\pycaret\internal\metrics.py", line 182, in _score
    return super()._score(
           ^^^^^^^^^^^^^^^
  File "C:\Users\KIIT\AppData\Local\Programs\Python\Python311\Lib\site-packages\sklearn\metrics\_scorer.py", line 316, in _score
    y_pred = method_caller(clf, "predict_proba", X)
             ^^^^^^^^^^^^^^^^^^^^^^^^^^^^^^^^^^^^^^
  File "C:\Users\KIIT\AppData\Local\Programs\Python\Python311\Lib\site-packages\sklearn\metrics\_scorer.py", line 78, in _cached_call
    result = getattr(estimator, method)(*args, **kwargs)
             ^^^^^^^^^^^^^^^^^^^^^^^^^^
  File "C:\Users\KIIT\AppData\Local\Programs\Python\Python311\Lib\site-packages\pycaret\internal\pipeline.py", line 127, in __getattr__
    return getattr(self._final_estimator, name)
           ^^^^^^^^^^^^^^^^^^^^^^^^^^^^^^^^^^^^
  File "C:\Users\KIIT\AppData\Local\Programs\Python\Python311\Lib\site-packages\sklearn\utils\_available_if.py", line 32, in __get__
    if not self.check(obj):
           ^^^^^^^^^^^^^^^
  File "C:\Users\KIIT\AppData\Local\Programs\Python\Python311\Lib\site-packages\sklearn\linear_model\_stochastic_gradient.py", line 1235, in _check_proba
    raise AttributeError(
AttributeError: probability estimates are not available for loss='hinge'

  warnings.warn(

2024-04-27 16:22:03,344:WARNING:C:\Users\KIIT\AppData\Local\Programs\Python\Python311\Lib\site-packages\pycaret\internal\metrics.py:190: FitFailedWarning: Metric 'make_scorer(roc_auc_score, needs_proba=True, error_score=0.0, average=weighted, multi_class=ovr)' failed and error score 0.0 has been returned instead. If this is a custom metric, this usually means that the error is in the metric code. Full exception below:
Traceback (most recent call last):
  File "C:\Users\KIIT\AppData\Local\Programs\Python\Python311\Lib\site-packages\sklearn\metrics\_scorer.py", line 76, in _cached_call
    return cache[method]
           ~~~~~^^^^^^^^
KeyError: 'predict_proba'

During handling of the above exception, another exception occurred:

Traceback (most recent call last):
  File "C:\Users\KIIT\AppData\Local\Programs\Python\Python311\Lib\site-packages\pycaret\internal\metrics.py", line 182, in _score
    return super()._score(
           ^^^^^^^^^^^^^^^
  File "C:\Users\KIIT\AppData\Local\Programs\Python\Python311\Lib\site-packages\sklearn\metrics\_scorer.py", line 316, in _score
    y_pred = method_caller(clf, "predict_proba", X)
             ^^^^^^^^^^^^^^^^^^^^^^^^^^^^^^^^^^^^^^
  File "C:\Users\KIIT\AppData\Local\Programs\Python\Python311\Lib\site-packages\sklearn\metrics\_scorer.py", line 78, in _cached_call
    result = getattr(estimator, method)(*args, **kwargs)
             ^^^^^^^^^^^^^^^^^^^^^^^^^^
  File "C:\Users\KIIT\AppData\Local\Programs\Python\Python311\Lib\site-packages\pycaret\internal\pipeline.py", line 127, in __getattr__
    return getattr(self._final_estimator, name)
           ^^^^^^^^^^^^^^^^^^^^^^^^^^^^^^^^^^^^
  File "C:\Users\KIIT\AppData\Local\Programs\Python\Python311\Lib\site-packages\sklearn\utils\_available_if.py", line 32, in __get__
    if not self.check(obj):
           ^^^^^^^^^^^^^^^
  File "C:\Users\KIIT\AppData\Local\Programs\Python\Python311\Lib\site-packages\sklearn\linear_model\_stochastic_gradient.py", line 1235, in _check_proba
    raise AttributeError(
AttributeError: probability estimates are not available for loss='hinge'

  warnings.warn(

2024-04-27 16:22:03,345:WARNING:C:\Users\KIIT\AppData\Local\Programs\Python\Python311\Lib\site-packages\pycaret\internal\metrics.py:190: FitFailedWarning: Metric 'make_scorer(roc_auc_score, needs_proba=True, error_score=0.0, average=weighted, multi_class=ovr)' failed and error score 0.0 has been returned instead. If this is a custom metric, this usually means that the error is in the metric code. Full exception below:
Traceback (most recent call last):
  File "C:\Users\KIIT\AppData\Local\Programs\Python\Python311\Lib\site-packages\sklearn\metrics\_scorer.py", line 76, in _cached_call
    return cache[method]
           ~~~~~^^^^^^^^
KeyError: 'predict_proba'

During handling of the above exception, another exception occurred:

Traceback (most recent call last):
  File "C:\Users\KIIT\AppData\Local\Programs\Python\Python311\Lib\site-packages\pycaret\internal\metrics.py", line 182, in _score
    return super()._score(
           ^^^^^^^^^^^^^^^
  File "C:\Users\KIIT\AppData\Local\Programs\Python\Python311\Lib\site-packages\sklearn\metrics\_scorer.py", line 316, in _score
    y_pred = method_caller(clf, "predict_proba", X)
             ^^^^^^^^^^^^^^^^^^^^^^^^^^^^^^^^^^^^^^
  File "C:\Users\KIIT\AppData\Local\Programs\Python\Python311\Lib\site-packages\sklearn\metrics\_scorer.py", line 78, in _cached_call
    result = getattr(estimator, method)(*args, **kwargs)
             ^^^^^^^^^^^^^^^^^^^^^^^^^^
  File "C:\Users\KIIT\AppData\Local\Programs\Python\Python311\Lib\site-packages\pycaret\internal\pipeline.py", line 127, in __getattr__
    return getattr(self._final_estimator, name)
           ^^^^^^^^^^^^^^^^^^^^^^^^^^^^^^^^^^^^
  File "C:\Users\KIIT\AppData\Local\Programs\Python\Python311\Lib\site-packages\sklearn\utils\_available_if.py", line 32, in __get__
    if not self.check(obj):
           ^^^^^^^^^^^^^^^
  File "C:\Users\KIIT\AppData\Local\Programs\Python\Python311\Lib\site-packages\sklearn\linear_model\_stochastic_gradient.py", line 1235, in _check_proba
    raise AttributeError(
AttributeError: probability estimates are not available for loss='hinge'

  warnings.warn(

2024-04-27 16:22:03,351:WARNING:C:\Users\KIIT\AppData\Local\Programs\Python\Python311\Lib\site-packages\pycaret\internal\metrics.py:190: FitFailedWarning: Metric 'make_scorer(roc_auc_score, needs_proba=True, error_score=0.0, average=weighted, multi_class=ovr)' failed and error score 0.0 has been returned instead. If this is a custom metric, this usually means that the error is in the metric code. Full exception below:
Traceback (most recent call last):
  File "C:\Users\KIIT\AppData\Local\Programs\Python\Python311\Lib\site-packages\sklearn\metrics\_scorer.py", line 76, in _cached_call
    return cache[method]
           ~~~~~^^^^^^^^
KeyError: 'predict_proba'

During handling of the above exception, another exception occurred:

Traceback (most recent call last):
  File "C:\Users\KIIT\AppData\Local\Programs\Python\Python311\Lib\site-packages\pycaret\internal\metrics.py", line 182, in _score
    return super()._score(
           ^^^^^^^^^^^^^^^
  File "C:\Users\KIIT\AppData\Local\Programs\Python\Python311\Lib\site-packages\sklearn\metrics\_scorer.py", line 316, in _score
    y_pred = method_caller(clf, "predict_proba", X)
             ^^^^^^^^^^^^^^^^^^^^^^^^^^^^^^^^^^^^^^
  File "C:\Users\KIIT\AppData\Local\Programs\Python\Python311\Lib\site-packages\sklearn\metrics\_scorer.py", line 78, in _cached_call
    result = getattr(estimator, method)(*args, **kwargs)
             ^^^^^^^^^^^^^^^^^^^^^^^^^^
  File "C:\Users\KIIT\AppData\Local\Programs\Python\Python311\Lib\site-packages\pycaret\internal\pipeline.py", line 127, in __getattr__
    return getattr(self._final_estimator, name)
           ^^^^^^^^^^^^^^^^^^^^^^^^^^^^^^^^^^^^
  File "C:\Users\KIIT\AppData\Local\Programs\Python\Python311\Lib\site-packages\sklearn\utils\_available_if.py", line 32, in __get__
    if not self.check(obj):
           ^^^^^^^^^^^^^^^
  File "C:\Users\KIIT\AppData\Local\Programs\Python\Python311\Lib\site-packages\sklearn\linear_model\_stochastic_gradient.py", line 1235, in _check_proba
    raise AttributeError(
AttributeError: probability estimates are not available for loss='hinge'

  warnings.warn(

2024-04-27 16:22:03,352:WARNING:C:\Users\KIIT\AppData\Local\Programs\Python\Python311\Lib\site-packages\pycaret\internal\metrics.py:190: FitFailedWarning: Metric 'make_scorer(roc_auc_score, needs_proba=True, error_score=0.0, average=weighted, multi_class=ovr)' failed and error score 0.0 has been returned instead. If this is a custom metric, this usually means that the error is in the metric code. Full exception below:
Traceback (most recent call last):
  File "C:\Users\KIIT\AppData\Local\Programs\Python\Python311\Lib\site-packages\sklearn\metrics\_scorer.py", line 76, in _cached_call
    return cache[method]
           ~~~~~^^^^^^^^
KeyError: 'predict_proba'

During handling of the above exception, another exception occurred:

Traceback (most recent call last):
  File "C:\Users\KIIT\AppData\Local\Programs\Python\Python311\Lib\site-packages\pycaret\internal\metrics.py", line 182, in _score
    return super()._score(
           ^^^^^^^^^^^^^^^
  File "C:\Users\KIIT\AppData\Local\Programs\Python\Python311\Lib\site-packages\sklearn\metrics\_scorer.py", line 316, in _score
    y_pred = method_caller(clf, "predict_proba", X)
             ^^^^^^^^^^^^^^^^^^^^^^^^^^^^^^^^^^^^^^
  File "C:\Users\KIIT\AppData\Local\Programs\Python\Python311\Lib\site-packages\sklearn\metrics\_scorer.py", line 78, in _cached_call
    result = getattr(estimator, method)(*args, **kwargs)
             ^^^^^^^^^^^^^^^^^^^^^^^^^^
  File "C:\Users\KIIT\AppData\Local\Programs\Python\Python311\Lib\site-packages\pycaret\internal\pipeline.py", line 127, in __getattr__
    return getattr(self._final_estimator, name)
           ^^^^^^^^^^^^^^^^^^^^^^^^^^^^^^^^^^^^
  File "C:\Users\KIIT\AppData\Local\Programs\Python\Python311\Lib\site-packages\sklearn\utils\_available_if.py", line 32, in __get__
    if not self.check(obj):
           ^^^^^^^^^^^^^^^
  File "C:\Users\KIIT\AppData\Local\Programs\Python\Python311\Lib\site-packages\sklearn\linear_model\_stochastic_gradient.py", line 1235, in _check_proba
    raise AttributeError(
AttributeError: probability estimates are not available for loss='hinge'

  warnings.warn(

2024-04-27 16:22:03,352:WARNING:C:\Users\KIIT\AppData\Local\Programs\Python\Python311\Lib\site-packages\pycaret\internal\metrics.py:190: FitFailedWarning: Metric 'make_scorer(roc_auc_score, needs_proba=True, error_score=0.0, average=weighted, multi_class=ovr)' failed and error score 0.0 has been returned instead. If this is a custom metric, this usually means that the error is in the metric code. Full exception below:
Traceback (most recent call last):
  File "C:\Users\KIIT\AppData\Local\Programs\Python\Python311\Lib\site-packages\sklearn\metrics\_scorer.py", line 76, in _cached_call
    return cache[method]
           ~~~~~^^^^^^^^
KeyError: 'predict_proba'

During handling of the above exception, another exception occurred:

Traceback (most recent call last):
  File "C:\Users\KIIT\AppData\Local\Programs\Python\Python311\Lib\site-packages\pycaret\internal\metrics.py", line 182, in _score
    return super()._score(
           ^^^^^^^^^^^^^^^
  File "C:\Users\KIIT\AppData\Local\Programs\Python\Python311\Lib\site-packages\sklearn\metrics\_scorer.py", line 316, in _score
    y_pred = method_caller(clf, "predict_proba", X)
             ^^^^^^^^^^^^^^^^^^^^^^^^^^^^^^^^^^^^^^
  File "C:\Users\KIIT\AppData\Local\Programs\Python\Python311\Lib\site-packages\sklearn\metrics\_scorer.py", line 78, in _cached_call
    result = getattr(estimator, method)(*args, **kwargs)
             ^^^^^^^^^^^^^^^^^^^^^^^^^^
  File "C:\Users\KIIT\AppData\Local\Programs\Python\Python311\Lib\site-packages\pycaret\internal\pipeline.py", line 127, in __getattr__
    return getattr(self._final_estimator, name)
           ^^^^^^^^^^^^^^^^^^^^^^^^^^^^^^^^^^^^
  File "C:\Users\KIIT\AppData\Local\Programs\Python\Python311\Lib\site-packages\sklearn\utils\_available_if.py", line 32, in __get__
    if not self.check(obj):
           ^^^^^^^^^^^^^^^
  File "C:\Users\KIIT\AppData\Local\Programs\Python\Python311\Lib\site-packages\sklearn\linear_model\_stochastic_gradient.py", line 1235, in _check_proba
    raise AttributeError(
AttributeError: probability estimates are not available for loss='hinge'

  warnings.warn(

2024-04-27 16:22:03,358:WARNING:C:\Users\KIIT\AppData\Local\Programs\Python\Python311\Lib\site-packages\pycaret\internal\metrics.py:190: FitFailedWarning: Metric 'make_scorer(roc_auc_score, needs_proba=True, error_score=0.0, average=weighted, multi_class=ovr)' failed and error score 0.0 has been returned instead. If this is a custom metric, this usually means that the error is in the metric code. Full exception below:
Traceback (most recent call last):
  File "C:\Users\KIIT\AppData\Local\Programs\Python\Python311\Lib\site-packages\sklearn\metrics\_scorer.py", line 76, in _cached_call
    return cache[method]
           ~~~~~^^^^^^^^
KeyError: 'predict_proba'

During handling of the above exception, another exception occurred:

Traceback (most recent call last):
  File "C:\Users\KIIT\AppData\Local\Programs\Python\Python311\Lib\site-packages\pycaret\internal\metrics.py", line 182, in _score
    return super()._score(
           ^^^^^^^^^^^^^^^
  File "C:\Users\KIIT\AppData\Local\Programs\Python\Python311\Lib\site-packages\sklearn\metrics\_scorer.py", line 316, in _score
    y_pred = method_caller(clf, "predict_proba", X)
             ^^^^^^^^^^^^^^^^^^^^^^^^^^^^^^^^^^^^^^
  File "C:\Users\KIIT\AppData\Local\Programs\Python\Python311\Lib\site-packages\sklearn\metrics\_scorer.py", line 78, in _cached_call
    result = getattr(estimator, method)(*args, **kwargs)
             ^^^^^^^^^^^^^^^^^^^^^^^^^^
  File "C:\Users\KIIT\AppData\Local\Programs\Python\Python311\Lib\site-packages\pycaret\internal\pipeline.py", line 127, in __getattr__
    return getattr(self._final_estimator, name)
           ^^^^^^^^^^^^^^^^^^^^^^^^^^^^^^^^^^^^
  File "C:\Users\KIIT\AppData\Local\Programs\Python\Python311\Lib\site-packages\sklearn\utils\_available_if.py", line 32, in __get__
    if not self.check(obj):
           ^^^^^^^^^^^^^^^
  File "C:\Users\KIIT\AppData\Local\Programs\Python\Python311\Lib\site-packages\sklearn\linear_model\_stochastic_gradient.py", line 1235, in _check_proba
    raise AttributeError(
AttributeError: probability estimates are not available for loss='hinge'

  warnings.warn(

2024-04-27 16:22:03,359:WARNING:C:\Users\KIIT\AppData\Local\Programs\Python\Python311\Lib\site-packages\pycaret\internal\metrics.py:190: FitFailedWarning: Metric 'make_scorer(roc_auc_score, needs_proba=True, error_score=0.0, average=weighted, multi_class=ovr)' failed and error score 0.0 has been returned instead. If this is a custom metric, this usually means that the error is in the metric code. Full exception below:
Traceback (most recent call last):
  File "C:\Users\KIIT\AppData\Local\Programs\Python\Python311\Lib\site-packages\sklearn\metrics\_scorer.py", line 76, in _cached_call
    return cache[method]
           ~~~~~^^^^^^^^
KeyError: 'predict_proba'

During handling of the above exception, another exception occurred:

Traceback (most recent call last):
  File "C:\Users\KIIT\AppData\Local\Programs\Python\Python311\Lib\site-packages\pycaret\internal\metrics.py", line 182, in _score
    return super()._score(
           ^^^^^^^^^^^^^^^
  File "C:\Users\KIIT\AppData\Local\Programs\Python\Python311\Lib\site-packages\sklearn\metrics\_scorer.py", line 316, in _score
    y_pred = method_caller(clf, "predict_proba", X)
             ^^^^^^^^^^^^^^^^^^^^^^^^^^^^^^^^^^^^^^
  File "C:\Users\KIIT\AppData\Local\Programs\Python\Python311\Lib\site-packages\sklearn\metrics\_scorer.py", line 78, in _cached_call
    result = getattr(estimator, method)(*args, **kwargs)
             ^^^^^^^^^^^^^^^^^^^^^^^^^^
  File "C:\Users\KIIT\AppData\Local\Programs\Python\Python311\Lib\site-packages\pycaret\internal\pipeline.py", line 127, in __getattr__
    return getattr(self._final_estimator, name)
           ^^^^^^^^^^^^^^^^^^^^^^^^^^^^^^^^^^^^
  File "C:\Users\KIIT\AppData\Local\Programs\Python\Python311\Lib\site-packages\sklearn\utils\_available_if.py", line 32, in __get__
    if not self.check(obj):
           ^^^^^^^^^^^^^^^
  File "C:\Users\KIIT\AppData\Local\Programs\Python\Python311\Lib\site-packages\sklearn\linear_model\_stochastic_gradient.py", line 1235, in _check_proba
    raise AttributeError(
AttributeError: probability estimates are not available for loss='hinge'

  warnings.warn(

2024-04-27 16:22:03,371:INFO:Calculating mean and std
2024-04-27 16:22:03,372:INFO:Creating metrics dataframe
2024-04-27 16:22:03,374:INFO:Uploading results into container
2024-04-27 16:22:03,375:INFO:Uploading model into container now
2024-04-27 16:22:03,375:INFO:_master_model_container: 5
2024-04-27 16:22:03,375:INFO:_display_container: 2
2024-04-27 16:22:03,375:INFO:SGDClassifier(alpha=0.0001, average=False, class_weight=None,
              early_stopping=False, epsilon=0.1, eta0=0.001, fit_intercept=True,
              l1_ratio=0.15, learning_rate='optimal', loss='hinge',
              max_iter=1000, n_iter_no_change=5, n_jobs=-1, penalty='l2',
              power_t=0.5, random_state=6634, shuffle=True, tol=0.001,
              validation_fraction=0.1, verbose=0, warm_start=False)
2024-04-27 16:22:03,375:INFO:create_model() successfully completed......................................
2024-04-27 16:22:03,505:INFO:SubProcess create_model() end ==================================
2024-04-27 16:22:03,505:INFO:Creating metrics dataframe
2024-04-27 16:22:03,509:INFO:Initializing Ridge Classifier
2024-04-27 16:22:03,510:INFO:Total runtime is 0.1317505915959676 minutes
2024-04-27 16:22:03,510:INFO:SubProcess create_model() called ==================================
2024-04-27 16:22:03,510:INFO:Initializing create_model()
2024-04-27 16:22:03,510:INFO:create_model(self=<pycaret.classification.oop.ClassificationExperiment object at 0x0000015CEB861490>, estimator=ridge, fold=StratifiedKFold(n_splits=10, random_state=None, shuffle=False), round=4, cross_validation=True, predict=True, fit_kwargs={}, groups=None, refit=False, probability_threshold=None, experiment_custom_tags=None, verbose=False, system=False, add_to_model_list=True, metrics=None, display=<pycaret.internal.display.display.CommonDisplay object at 0x0000015CF66A1610>, model_only=True, return_train_score=False, error_score=0.0, kwargs={})
2024-04-27 16:22:03,510:INFO:Checking exceptions
2024-04-27 16:22:03,510:INFO:Importing libraries
2024-04-27 16:22:03,510:INFO:Copying training dataset
2024-04-27 16:22:03,514:INFO:Defining folds
2024-04-27 16:22:03,514:INFO:Declaring metric variables
2024-04-27 16:22:03,514:INFO:Importing untrained model
2024-04-27 16:22:03,514:INFO:Ridge Classifier Imported successfully
2024-04-27 16:22:03,515:INFO:Starting cross validation
2024-04-27 16:22:03,515:INFO:Cross validating with StratifiedKFold(n_splits=10, random_state=None, shuffle=False), n_jobs=-1
2024-04-27 16:22:03,540:WARNING:C:\Users\KIIT\AppData\Local\Programs\Python\Python311\Lib\site-packages\pycaret\internal\metrics.py:190: FitFailedWarning: Metric 'make_scorer(roc_auc_score, needs_proba=True, error_score=0.0, average=weighted, multi_class=ovr)' failed and error score 0.0 has been returned instead. If this is a custom metric, this usually means that the error is in the metric code. Full exception below:
Traceback (most recent call last):
  File "C:\Users\KIIT\AppData\Local\Programs\Python\Python311\Lib\site-packages\sklearn\metrics\_scorer.py", line 76, in _cached_call
    return cache[method]
           ~~~~~^^^^^^^^
KeyError: 'predict_proba'

During handling of the above exception, another exception occurred:

Traceback (most recent call last):
  File "C:\Users\KIIT\AppData\Local\Programs\Python\Python311\Lib\site-packages\pycaret\internal\metrics.py", line 182, in _score
    return super()._score(
           ^^^^^^^^^^^^^^^
  File "C:\Users\KIIT\AppData\Local\Programs\Python\Python311\Lib\site-packages\sklearn\metrics\_scorer.py", line 316, in _score
    y_pred = method_caller(clf, "predict_proba", X)
             ^^^^^^^^^^^^^^^^^^^^^^^^^^^^^^^^^^^^^^
  File "C:\Users\KIIT\AppData\Local\Programs\Python\Python311\Lib\site-packages\sklearn\metrics\_scorer.py", line 78, in _cached_call
    result = getattr(estimator, method)(*args, **kwargs)
             ^^^^^^^^^^^^^^^^^^^^^^^^^^
  File "C:\Users\KIIT\AppData\Local\Programs\Python\Python311\Lib\site-packages\pycaret\internal\pipeline.py", line 127, in __getattr__
    return getattr(self._final_estimator, name)
           ^^^^^^^^^^^^^^^^^^^^^^^^^^^^^^^^^^^^
AttributeError: 'RidgeClassifier' object has no attribute 'predict_proba'

  warnings.warn(

2024-04-27 16:22:03,544:WARNING:C:\Users\KIIT\AppData\Local\Programs\Python\Python311\Lib\site-packages\pycaret\internal\metrics.py:190: FitFailedWarning: Metric 'make_scorer(roc_auc_score, needs_proba=True, error_score=0.0, average=weighted, multi_class=ovr)' failed and error score 0.0 has been returned instead. If this is a custom metric, this usually means that the error is in the metric code. Full exception below:
Traceback (most recent call last):
  File "C:\Users\KIIT\AppData\Local\Programs\Python\Python311\Lib\site-packages\sklearn\metrics\_scorer.py", line 76, in _cached_call
    return cache[method]
           ~~~~~^^^^^^^^
KeyError: 'predict_proba'

During handling of the above exception, another exception occurred:

Traceback (most recent call last):
  File "C:\Users\KIIT\AppData\Local\Programs\Python\Python311\Lib\site-packages\pycaret\internal\metrics.py", line 182, in _score
    return super()._score(
           ^^^^^^^^^^^^^^^
  File "C:\Users\KIIT\AppData\Local\Programs\Python\Python311\Lib\site-packages\sklearn\metrics\_scorer.py", line 316, in _score
    y_pred = method_caller(clf, "predict_proba", X)
             ^^^^^^^^^^^^^^^^^^^^^^^^^^^^^^^^^^^^^^
  File "C:\Users\KIIT\AppData\Local\Programs\Python\Python311\Lib\site-packages\sklearn\metrics\_scorer.py", line 78, in _cached_call
    result = getattr(estimator, method)(*args, **kwargs)
             ^^^^^^^^^^^^^^^^^^^^^^^^^^
  File "C:\Users\KIIT\AppData\Local\Programs\Python\Python311\Lib\site-packages\pycaret\internal\pipeline.py", line 127, in __getattr__
    return getattr(self._final_estimator, name)
           ^^^^^^^^^^^^^^^^^^^^^^^^^^^^^^^^^^^^
AttributeError: 'RidgeClassifier' object has no attribute 'predict_proba'

  warnings.warn(

2024-04-27 16:22:03,545:WARNING:C:\Users\KIIT\AppData\Local\Programs\Python\Python311\Lib\site-packages\pycaret\internal\metrics.py:190: FitFailedWarning: Metric 'make_scorer(roc_auc_score, needs_proba=True, error_score=0.0, average=weighted, multi_class=ovr)' failed and error score 0.0 has been returned instead. If this is a custom metric, this usually means that the error is in the metric code. Full exception below:
Traceback (most recent call last):
  File "C:\Users\KIIT\AppData\Local\Programs\Python\Python311\Lib\site-packages\sklearn\metrics\_scorer.py", line 76, in _cached_call
    return cache[method]
           ~~~~~^^^^^^^^
KeyError: 'predict_proba'

During handling of the above exception, another exception occurred:

Traceback (most recent call last):
  File "C:\Users\KIIT\AppData\Local\Programs\Python\Python311\Lib\site-packages\pycaret\internal\metrics.py", line 182, in _score
    return super()._score(
           ^^^^^^^^^^^^^^^
  File "C:\Users\KIIT\AppData\Local\Programs\Python\Python311\Lib\site-packages\sklearn\metrics\_scorer.py", line 316, in _score
    y_pred = method_caller(clf, "predict_proba", X)
             ^^^^^^^^^^^^^^^^^^^^^^^^^^^^^^^^^^^^^^
  File "C:\Users\KIIT\AppData\Local\Programs\Python\Python311\Lib\site-packages\sklearn\metrics\_scorer.py", line 78, in _cached_call
    result = getattr(estimator, method)(*args, **kwargs)
             ^^^^^^^^^^^^^^^^^^^^^^^^^^
  File "C:\Users\KIIT\AppData\Local\Programs\Python\Python311\Lib\site-packages\pycaret\internal\pipeline.py", line 127, in __getattr__
    return getattr(self._final_estimator, name)
           ^^^^^^^^^^^^^^^^^^^^^^^^^^^^^^^^^^^^
AttributeError: 'RidgeClassifier' object has no attribute 'predict_proba'

  warnings.warn(

2024-04-27 16:22:03,546:WARNING:C:\Users\KIIT\AppData\Local\Programs\Python\Python311\Lib\site-packages\pycaret\internal\metrics.py:190: FitFailedWarning: Metric 'make_scorer(roc_auc_score, needs_proba=True, error_score=0.0, average=weighted, multi_class=ovr)' failed and error score 0.0 has been returned instead. If this is a custom metric, this usually means that the error is in the metric code. Full exception below:
Traceback (most recent call last):
  File "C:\Users\KIIT\AppData\Local\Programs\Python\Python311\Lib\site-packages\sklearn\metrics\_scorer.py", line 76, in _cached_call
    return cache[method]
           ~~~~~^^^^^^^^
KeyError: 'predict_proba'

During handling of the above exception, another exception occurred:

Traceback (most recent call last):
  File "C:\Users\KIIT\AppData\Local\Programs\Python\Python311\Lib\site-packages\pycaret\internal\metrics.py", line 182, in _score
    return super()._score(
           ^^^^^^^^^^^^^^^
  File "C:\Users\KIIT\AppData\Local\Programs\Python\Python311\Lib\site-packages\sklearn\metrics\_scorer.py", line 316, in _score
    y_pred = method_caller(clf, "predict_proba", X)
             ^^^^^^^^^^^^^^^^^^^^^^^^^^^^^^^^^^^^^^
  File "C:\Users\KIIT\AppData\Local\Programs\Python\Python311\Lib\site-packages\sklearn\metrics\_scorer.py", line 78, in _cached_call
    result = getattr(estimator, method)(*args, **kwargs)
             ^^^^^^^^^^^^^^^^^^^^^^^^^^
  File "C:\Users\KIIT\AppData\Local\Programs\Python\Python311\Lib\site-packages\pycaret\internal\pipeline.py", line 127, in __getattr__
    return getattr(self._final_estimator, name)
           ^^^^^^^^^^^^^^^^^^^^^^^^^^^^^^^^^^^^
AttributeError: 'RidgeClassifier' object has no attribute 'predict_proba'

  warnings.warn(

2024-04-27 16:22:03,551:WARNING:C:\Users\KIIT\AppData\Local\Programs\Python\Python311\Lib\site-packages\pycaret\internal\metrics.py:190: FitFailedWarning: Metric 'make_scorer(roc_auc_score, needs_proba=True, error_score=0.0, average=weighted, multi_class=ovr)' failed and error score 0.0 has been returned instead. If this is a custom metric, this usually means that the error is in the metric code. Full exception below:
Traceback (most recent call last):
  File "C:\Users\KIIT\AppData\Local\Programs\Python\Python311\Lib\site-packages\sklearn\metrics\_scorer.py", line 76, in _cached_call
    return cache[method]
           ~~~~~^^^^^^^^
KeyError: 'predict_proba'

During handling of the above exception, another exception occurred:

Traceback (most recent call last):
  File "C:\Users\KIIT\AppData\Local\Programs\Python\Python311\Lib\site-packages\pycaret\internal\metrics.py", line 182, in _score
    return super()._score(
           ^^^^^^^^^^^^^^^
  File "C:\Users\KIIT\AppData\Local\Programs\Python\Python311\Lib\site-packages\sklearn\metrics\_scorer.py", line 316, in _score
    y_pred = method_caller(clf, "predict_proba", X)
             ^^^^^^^^^^^^^^^^^^^^^^^^^^^^^^^^^^^^^^
  File "C:\Users\KIIT\AppData\Local\Programs\Python\Python311\Lib\site-packages\sklearn\metrics\_scorer.py", line 78, in _cached_call
    result = getattr(estimator, method)(*args, **kwargs)
             ^^^^^^^^^^^^^^^^^^^^^^^^^^
  File "C:\Users\KIIT\AppData\Local\Programs\Python\Python311\Lib\site-packages\pycaret\internal\pipeline.py", line 127, in __getattr__
    return getattr(self._final_estimator, name)
           ^^^^^^^^^^^^^^^^^^^^^^^^^^^^^^^^^^^^
AttributeError: 'RidgeClassifier' object has no attribute 'predict_proba'

  warnings.warn(

2024-04-27 16:22:03,552:WARNING:C:\Users\KIIT\AppData\Local\Programs\Python\Python311\Lib\site-packages\pycaret\internal\metrics.py:190: FitFailedWarning: Metric 'make_scorer(roc_auc_score, needs_proba=True, error_score=0.0, average=weighted, multi_class=ovr)' failed and error score 0.0 has been returned instead. If this is a custom metric, this usually means that the error is in the metric code. Full exception below:
Traceback (most recent call last):
  File "C:\Users\KIIT\AppData\Local\Programs\Python\Python311\Lib\site-packages\sklearn\metrics\_scorer.py", line 76, in _cached_call
    return cache[method]
           ~~~~~^^^^^^^^
KeyError: 'predict_proba'

During handling of the above exception, another exception occurred:

Traceback (most recent call last):
  File "C:\Users\KIIT\AppData\Local\Programs\Python\Python311\Lib\site-packages\pycaret\internal\metrics.py", line 182, in _score
    return super()._score(
           ^^^^^^^^^^^^^^^
  File "C:\Users\KIIT\AppData\Local\Programs\Python\Python311\Lib\site-packages\sklearn\metrics\_scorer.py", line 316, in _score
    y_pred = method_caller(clf, "predict_proba", X)
             ^^^^^^^^^^^^^^^^^^^^^^^^^^^^^^^^^^^^^^
  File "C:\Users\KIIT\AppData\Local\Programs\Python\Python311\Lib\site-packages\sklearn\metrics\_scorer.py", line 78, in _cached_call
    result = getattr(estimator, method)(*args, **kwargs)
             ^^^^^^^^^^^^^^^^^^^^^^^^^^
  File "C:\Users\KIIT\AppData\Local\Programs\Python\Python311\Lib\site-packages\pycaret\internal\pipeline.py", line 127, in __getattr__
    return getattr(self._final_estimator, name)
           ^^^^^^^^^^^^^^^^^^^^^^^^^^^^^^^^^^^^
AttributeError: 'RidgeClassifier' object has no attribute 'predict_proba'

  warnings.warn(

2024-04-27 16:22:03,555:WARNING:C:\Users\KIIT\AppData\Local\Programs\Python\Python311\Lib\site-packages\pycaret\internal\metrics.py:190: FitFailedWarning: Metric 'make_scorer(roc_auc_score, needs_proba=True, error_score=0.0, average=weighted, multi_class=ovr)' failed and error score 0.0 has been returned instead. If this is a custom metric, this usually means that the error is in the metric code. Full exception below:
Traceback (most recent call last):
  File "C:\Users\KIIT\AppData\Local\Programs\Python\Python311\Lib\site-packages\sklearn\metrics\_scorer.py", line 76, in _cached_call
    return cache[method]
           ~~~~~^^^^^^^^
KeyError: 'predict_proba'

During handling of the above exception, another exception occurred:

Traceback (most recent call last):
  File "C:\Users\KIIT\AppData\Local\Programs\Python\Python311\Lib\site-packages\pycaret\internal\metrics.py", line 182, in _score
    return super()._score(
           ^^^^^^^^^^^^^^^
  File "C:\Users\KIIT\AppData\Local\Programs\Python\Python311\Lib\site-packages\sklearn\metrics\_scorer.py", line 316, in _score
    y_pred = method_caller(clf, "predict_proba", X)
             ^^^^^^^^^^^^^^^^^^^^^^^^^^^^^^^^^^^^^^
  File "C:\Users\KIIT\AppData\Local\Programs\Python\Python311\Lib\site-packages\sklearn\metrics\_scorer.py", line 78, in _cached_call
    result = getattr(estimator, method)(*args, **kwargs)
             ^^^^^^^^^^^^^^^^^^^^^^^^^^
  File "C:\Users\KIIT\AppData\Local\Programs\Python\Python311\Lib\site-packages\pycaret\internal\pipeline.py", line 127, in __getattr__
    return getattr(self._final_estimator, name)
           ^^^^^^^^^^^^^^^^^^^^^^^^^^^^^^^^^^^^
AttributeError: 'RidgeClassifier' object has no attribute 'predict_proba'

  warnings.warn(

2024-04-27 16:22:03,556:WARNING:C:\Users\KIIT\AppData\Local\Programs\Python\Python311\Lib\site-packages\pycaret\internal\metrics.py:190: FitFailedWarning: Metric 'make_scorer(roc_auc_score, needs_proba=True, error_score=0.0, average=weighted, multi_class=ovr)' failed and error score 0.0 has been returned instead. If this is a custom metric, this usually means that the error is in the metric code. Full exception below:
Traceback (most recent call last):
  File "C:\Users\KIIT\AppData\Local\Programs\Python\Python311\Lib\site-packages\sklearn\metrics\_scorer.py", line 76, in _cached_call
    return cache[method]
           ~~~~~^^^^^^^^
KeyError: 'predict_proba'

During handling of the above exception, another exception occurred:

Traceback (most recent call last):
  File "C:\Users\KIIT\AppData\Local\Programs\Python\Python311\Lib\site-packages\pycaret\internal\metrics.py", line 182, in _score
    return super()._score(
           ^^^^^^^^^^^^^^^
  File "C:\Users\KIIT\AppData\Local\Programs\Python\Python311\Lib\site-packages\sklearn\metrics\_scorer.py", line 316, in _score
    y_pred = method_caller(clf, "predict_proba", X)
             ^^^^^^^^^^^^^^^^^^^^^^^^^^^^^^^^^^^^^^
  File "C:\Users\KIIT\AppData\Local\Programs\Python\Python311\Lib\site-packages\sklearn\metrics\_scorer.py", line 78, in _cached_call
    result = getattr(estimator, method)(*args, **kwargs)
             ^^^^^^^^^^^^^^^^^^^^^^^^^^
  File "C:\Users\KIIT\AppData\Local\Programs\Python\Python311\Lib\site-packages\pycaret\internal\pipeline.py", line 127, in __getattr__
    return getattr(self._final_estimator, name)
           ^^^^^^^^^^^^^^^^^^^^^^^^^^^^^^^^^^^^
AttributeError: 'RidgeClassifier' object has no attribute 'predict_proba'

  warnings.warn(

2024-04-27 16:22:03,557:WARNING:C:\Users\KIIT\AppData\Local\Programs\Python\Python311\Lib\site-packages\pycaret\internal\metrics.py:190: FitFailedWarning: Metric 'make_scorer(roc_auc_score, needs_proba=True, error_score=0.0, average=weighted, multi_class=ovr)' failed and error score 0.0 has been returned instead. If this is a custom metric, this usually means that the error is in the metric code. Full exception below:
Traceback (most recent call last):
  File "C:\Users\KIIT\AppData\Local\Programs\Python\Python311\Lib\site-packages\sklearn\metrics\_scorer.py", line 76, in _cached_call
    return cache[method]
           ~~~~~^^^^^^^^
KeyError: 'predict_proba'

During handling of the above exception, another exception occurred:

Traceback (most recent call last):
  File "C:\Users\KIIT\AppData\Local\Programs\Python\Python311\Lib\site-packages\pycaret\internal\metrics.py", line 182, in _score
    return super()._score(
           ^^^^^^^^^^^^^^^
  File "C:\Users\KIIT\AppData\Local\Programs\Python\Python311\Lib\site-packages\sklearn\metrics\_scorer.py", line 316, in _score
    y_pred = method_caller(clf, "predict_proba", X)
             ^^^^^^^^^^^^^^^^^^^^^^^^^^^^^^^^^^^^^^
  File "C:\Users\KIIT\AppData\Local\Programs\Python\Python311\Lib\site-packages\sklearn\metrics\_scorer.py", line 78, in _cached_call
    result = getattr(estimator, method)(*args, **kwargs)
             ^^^^^^^^^^^^^^^^^^^^^^^^^^
  File "C:\Users\KIIT\AppData\Local\Programs\Python\Python311\Lib\site-packages\pycaret\internal\pipeline.py", line 127, in __getattr__
    return getattr(self._final_estimator, name)
           ^^^^^^^^^^^^^^^^^^^^^^^^^^^^^^^^^^^^
AttributeError: 'RidgeClassifier' object has no attribute 'predict_proba'

  warnings.warn(

2024-04-27 16:22:03,562:WARNING:C:\Users\KIIT\AppData\Local\Programs\Python\Python311\Lib\site-packages\pycaret\internal\metrics.py:190: FitFailedWarning: Metric 'make_scorer(roc_auc_score, needs_proba=True, error_score=0.0, average=weighted, multi_class=ovr)' failed and error score 0.0 has been returned instead. If this is a custom metric, this usually means that the error is in the metric code. Full exception below:
Traceback (most recent call last):
  File "C:\Users\KIIT\AppData\Local\Programs\Python\Python311\Lib\site-packages\sklearn\metrics\_scorer.py", line 76, in _cached_call
    return cache[method]
           ~~~~~^^^^^^^^
KeyError: 'predict_proba'

During handling of the above exception, another exception occurred:

Traceback (most recent call last):
  File "C:\Users\KIIT\AppData\Local\Programs\Python\Python311\Lib\site-packages\pycaret\internal\metrics.py", line 182, in _score
    return super()._score(
           ^^^^^^^^^^^^^^^
  File "C:\Users\KIIT\AppData\Local\Programs\Python\Python311\Lib\site-packages\sklearn\metrics\_scorer.py", line 316, in _score
    y_pred = method_caller(clf, "predict_proba", X)
             ^^^^^^^^^^^^^^^^^^^^^^^^^^^^^^^^^^^^^^
  File "C:\Users\KIIT\AppData\Local\Programs\Python\Python311\Lib\site-packages\sklearn\metrics\_scorer.py", line 78, in _cached_call
    result = getattr(estimator, method)(*args, **kwargs)
             ^^^^^^^^^^^^^^^^^^^^^^^^^^
  File "C:\Users\KIIT\AppData\Local\Programs\Python\Python311\Lib\site-packages\pycaret\internal\pipeline.py", line 127, in __getattr__
    return getattr(self._final_estimator, name)
           ^^^^^^^^^^^^^^^^^^^^^^^^^^^^^^^^^^^^
AttributeError: 'RidgeClassifier' object has no attribute 'predict_proba'

  warnings.warn(

2024-04-27 16:22:03,575:INFO:Calculating mean and std
2024-04-27 16:22:03,575:INFO:Creating metrics dataframe
2024-04-27 16:22:03,578:INFO:Uploading results into container
2024-04-27 16:22:03,578:INFO:Uploading model into container now
2024-04-27 16:22:03,579:INFO:_master_model_container: 6
2024-04-27 16:22:03,579:INFO:_display_container: 2
2024-04-27 16:22:03,579:INFO:RidgeClassifier(alpha=1.0, class_weight=None, copy_X=True, fit_intercept=True,
                max_iter=None, positive=False, random_state=6634, solver='auto',
                tol=0.0001)
2024-04-27 16:22:03,579:INFO:create_model() successfully completed......................................
2024-04-27 16:22:03,713:INFO:SubProcess create_model() end ==================================
2024-04-27 16:22:03,713:INFO:Creating metrics dataframe
2024-04-27 16:22:03,717:INFO:Initializing Random Forest Classifier
2024-04-27 16:22:03,717:INFO:Total runtime is 0.13518796364466348 minutes
2024-04-27 16:22:03,717:INFO:SubProcess create_model() called ==================================
2024-04-27 16:22:03,717:INFO:Initializing create_model()
2024-04-27 16:22:03,717:INFO:create_model(self=<pycaret.classification.oop.ClassificationExperiment object at 0x0000015CEB861490>, estimator=rf, fold=StratifiedKFold(n_splits=10, random_state=None, shuffle=False), round=4, cross_validation=True, predict=True, fit_kwargs={}, groups=None, refit=False, probability_threshold=None, experiment_custom_tags=None, verbose=False, system=False, add_to_model_list=True, metrics=None, display=<pycaret.internal.display.display.CommonDisplay object at 0x0000015CF66A1610>, model_only=True, return_train_score=False, error_score=0.0, kwargs={})
2024-04-27 16:22:03,717:INFO:Checking exceptions
2024-04-27 16:22:03,718:INFO:Importing libraries
2024-04-27 16:22:03,718:INFO:Copying training dataset
2024-04-27 16:22:03,720:INFO:Defining folds
2024-04-27 16:22:03,720:INFO:Declaring metric variables
2024-04-27 16:22:03,720:INFO:Importing untrained model
2024-04-27 16:22:03,721:INFO:Random Forest Classifier Imported successfully
2024-04-27 16:22:03,721:INFO:Starting cross validation
2024-04-27 16:22:03,721:INFO:Cross validating with StratifiedKFold(n_splits=10, random_state=None, shuffle=False), n_jobs=-1
2024-04-27 16:22:04,215:INFO:Calculating mean and std
2024-04-27 16:22:04,216:INFO:Creating metrics dataframe
2024-04-27 16:22:04,218:INFO:Uploading results into container
2024-04-27 16:22:04,220:INFO:Uploading model into container now
2024-04-27 16:22:04,220:INFO:_master_model_container: 7
2024-04-27 16:22:04,220:INFO:_display_container: 2
2024-04-27 16:22:04,220:INFO:RandomForestClassifier(bootstrap=True, ccp_alpha=0.0, class_weight=None,
                       criterion='gini', max_depth=None, max_features='sqrt',
                       max_leaf_nodes=None, max_samples=None,
                       min_impurity_decrease=0.0, min_samples_leaf=1,
                       min_samples_split=2, min_weight_fraction_leaf=0.0,
                       n_estimators=100, n_jobs=-1, oob_score=False,
                       random_state=6634, verbose=0, warm_start=False)
2024-04-27 16:22:04,220:INFO:create_model() successfully completed......................................
2024-04-27 16:22:04,355:INFO:SubProcess create_model() end ==================================
2024-04-27 16:22:04,355:INFO:Creating metrics dataframe
2024-04-27 16:22:04,358:INFO:Initializing Quadratic Discriminant Analysis
2024-04-27 16:22:04,359:INFO:Total runtime is 0.14589106639226276 minutes
2024-04-27 16:22:04,359:INFO:SubProcess create_model() called ==================================
2024-04-27 16:22:04,359:INFO:Initializing create_model()
2024-04-27 16:22:04,360:INFO:create_model(self=<pycaret.classification.oop.ClassificationExperiment object at 0x0000015CEB861490>, estimator=qda, fold=StratifiedKFold(n_splits=10, random_state=None, shuffle=False), round=4, cross_validation=True, predict=True, fit_kwargs={}, groups=None, refit=False, probability_threshold=None, experiment_custom_tags=None, verbose=False, system=False, add_to_model_list=True, metrics=None, display=<pycaret.internal.display.display.CommonDisplay object at 0x0000015CF66A1610>, model_only=True, return_train_score=False, error_score=0.0, kwargs={})
2024-04-27 16:22:04,360:INFO:Checking exceptions
2024-04-27 16:22:04,360:INFO:Importing libraries
2024-04-27 16:22:04,360:INFO:Copying training dataset
2024-04-27 16:22:04,363:INFO:Defining folds
2024-04-27 16:22:04,363:INFO:Declaring metric variables
2024-04-27 16:22:04,363:INFO:Importing untrained model
2024-04-27 16:22:04,363:INFO:Quadratic Discriminant Analysis Imported successfully
2024-04-27 16:22:04,364:INFO:Starting cross validation
2024-04-27 16:22:04,364:INFO:Cross validating with StratifiedKFold(n_splits=10, random_state=None, shuffle=False), n_jobs=-1
2024-04-27 16:22:04,423:INFO:Calculating mean and std
2024-04-27 16:22:04,424:INFO:Creating metrics dataframe
2024-04-27 16:22:04,426:INFO:Uploading results into container
2024-04-27 16:22:04,426:INFO:Uploading model into container now
2024-04-27 16:22:04,427:INFO:_master_model_container: 8
2024-04-27 16:22:04,427:INFO:_display_container: 2
2024-04-27 16:22:04,427:INFO:QuadraticDiscriminantAnalysis(priors=None, reg_param=0.0,
                              store_covariance=False, tol=0.0001)
2024-04-27 16:22:04,427:INFO:create_model() successfully completed......................................
2024-04-27 16:22:04,568:INFO:SubProcess create_model() end ==================================
2024-04-27 16:22:04,568:INFO:Creating metrics dataframe
2024-04-27 16:22:04,573:INFO:Initializing Ada Boost Classifier
2024-04-27 16:22:04,573:INFO:Total runtime is 0.1494589567184448 minutes
2024-04-27 16:22:04,573:INFO:SubProcess create_model() called ==================================
2024-04-27 16:22:04,574:INFO:Initializing create_model()
2024-04-27 16:22:04,574:INFO:create_model(self=<pycaret.classification.oop.ClassificationExperiment object at 0x0000015CEB861490>, estimator=ada, fold=StratifiedKFold(n_splits=10, random_state=None, shuffle=False), round=4, cross_validation=True, predict=True, fit_kwargs={}, groups=None, refit=False, probability_threshold=None, experiment_custom_tags=None, verbose=False, system=False, add_to_model_list=True, metrics=None, display=<pycaret.internal.display.display.CommonDisplay object at 0x0000015CF66A1610>, model_only=True, return_train_score=False, error_score=0.0, kwargs={})
2024-04-27 16:22:04,574:INFO:Checking exceptions
2024-04-27 16:22:04,574:INFO:Importing libraries
2024-04-27 16:22:04,574:INFO:Copying training dataset
2024-04-27 16:22:04,577:INFO:Defining folds
2024-04-27 16:22:04,577:INFO:Declaring metric variables
2024-04-27 16:22:04,577:INFO:Importing untrained model
2024-04-27 16:22:04,577:INFO:Ada Boost Classifier Imported successfully
2024-04-27 16:22:04,577:INFO:Starting cross validation
2024-04-27 16:22:04,578:INFO:Cross validating with StratifiedKFold(n_splits=10, random_state=None, shuffle=False), n_jobs=-1
2024-04-27 16:22:04,782:INFO:Calculating mean and std
2024-04-27 16:22:04,783:INFO:Creating metrics dataframe
2024-04-27 16:22:04,786:INFO:Uploading results into container
2024-04-27 16:22:04,786:INFO:Uploading model into container now
2024-04-27 16:22:04,786:INFO:_master_model_container: 9
2024-04-27 16:22:04,786:INFO:_display_container: 2
2024-04-27 16:22:04,787:INFO:AdaBoostClassifier(algorithm='SAMME.R', base_estimator='deprecated',
                   estimator=None, learning_rate=1.0, n_estimators=50,
                   random_state=6634)
2024-04-27 16:22:04,787:INFO:create_model() successfully completed......................................
2024-04-27 16:22:04,919:INFO:SubProcess create_model() end ==================================
2024-04-27 16:22:04,919:INFO:Creating metrics dataframe
2024-04-27 16:22:04,923:INFO:Initializing Gradient Boosting Classifier
2024-04-27 16:22:04,923:INFO:Total runtime is 0.15529003938039143 minutes
2024-04-27 16:22:04,923:INFO:SubProcess create_model() called ==================================
2024-04-27 16:22:04,923:INFO:Initializing create_model()
2024-04-27 16:22:04,923:INFO:create_model(self=<pycaret.classification.oop.ClassificationExperiment object at 0x0000015CEB861490>, estimator=gbc, fold=StratifiedKFold(n_splits=10, random_state=None, shuffle=False), round=4, cross_validation=True, predict=True, fit_kwargs={}, groups=None, refit=False, probability_threshold=None, experiment_custom_tags=None, verbose=False, system=False, add_to_model_list=True, metrics=None, display=<pycaret.internal.display.display.CommonDisplay object at 0x0000015CF66A1610>, model_only=True, return_train_score=False, error_score=0.0, kwargs={})
2024-04-27 16:22:04,923:INFO:Checking exceptions
2024-04-27 16:22:04,923:INFO:Importing libraries
2024-04-27 16:22:04,923:INFO:Copying training dataset
2024-04-27 16:22:04,926:INFO:Defining folds
2024-04-27 16:22:04,926:INFO:Declaring metric variables
2024-04-27 16:22:04,927:INFO:Importing untrained model
2024-04-27 16:22:04,927:INFO:Gradient Boosting Classifier Imported successfully
2024-04-27 16:22:04,927:INFO:Starting cross validation
2024-04-27 16:22:04,928:INFO:Cross validating with StratifiedKFold(n_splits=10, random_state=None, shuffle=False), n_jobs=-1
2024-04-27 16:22:05,152:INFO:Calculating mean and std
2024-04-27 16:22:05,154:INFO:Creating metrics dataframe
2024-04-27 16:22:05,156:INFO:Uploading results into container
2024-04-27 16:22:05,156:INFO:Uploading model into container now
2024-04-27 16:22:05,156:INFO:_master_model_container: 10
2024-04-27 16:22:05,156:INFO:_display_container: 2
2024-04-27 16:22:05,157:INFO:GradientBoostingClassifier(ccp_alpha=0.0, criterion='friedman_mse', init=None,
                           learning_rate=0.1, loss='log_loss', max_depth=3,
                           max_features=None, max_leaf_nodes=None,
                           min_impurity_decrease=0.0, min_samples_leaf=1,
                           min_samples_split=2, min_weight_fraction_leaf=0.0,
                           n_estimators=100, n_iter_no_change=None,
                           random_state=6634, subsample=1.0, tol=0.0001,
                           validation_fraction=0.1, verbose=0,
                           warm_start=False)
2024-04-27 16:22:05,157:INFO:create_model() successfully completed......................................
2024-04-27 16:22:05,295:INFO:SubProcess create_model() end ==================================
2024-04-27 16:22:05,295:INFO:Creating metrics dataframe
2024-04-27 16:22:05,299:INFO:Initializing Linear Discriminant Analysis
2024-04-27 16:22:05,300:INFO:Total runtime is 0.1615850806236267 minutes
2024-04-27 16:22:05,300:INFO:SubProcess create_model() called ==================================
2024-04-27 16:22:05,300:INFO:Initializing create_model()
2024-04-27 16:22:05,300:INFO:create_model(self=<pycaret.classification.oop.ClassificationExperiment object at 0x0000015CEB861490>, estimator=lda, fold=StratifiedKFold(n_splits=10, random_state=None, shuffle=False), round=4, cross_validation=True, predict=True, fit_kwargs={}, groups=None, refit=False, probability_threshold=None, experiment_custom_tags=None, verbose=False, system=False, add_to_model_list=True, metrics=None, display=<pycaret.internal.display.display.CommonDisplay object at 0x0000015CF66A1610>, model_only=True, return_train_score=False, error_score=0.0, kwargs={})
2024-04-27 16:22:05,300:INFO:Checking exceptions
2024-04-27 16:22:05,300:INFO:Importing libraries
2024-04-27 16:22:05,300:INFO:Copying training dataset
2024-04-27 16:22:05,304:INFO:Defining folds
2024-04-27 16:22:05,305:INFO:Declaring metric variables
2024-04-27 16:22:05,305:INFO:Importing untrained model
2024-04-27 16:22:05,305:INFO:Linear Discriminant Analysis Imported successfully
2024-04-27 16:22:05,305:INFO:Starting cross validation
2024-04-27 16:22:05,306:INFO:Cross validating with StratifiedKFold(n_splits=10, random_state=None, shuffle=False), n_jobs=-1
2024-04-27 16:22:05,363:INFO:Calculating mean and std
2024-04-27 16:22:05,363:INFO:Creating metrics dataframe
2024-04-27 16:22:05,365:INFO:Uploading results into container
2024-04-27 16:22:05,366:INFO:Uploading model into container now
2024-04-27 16:22:05,366:INFO:_master_model_container: 11
2024-04-27 16:22:05,366:INFO:_display_container: 2
2024-04-27 16:22:05,366:INFO:LinearDiscriminantAnalysis(covariance_estimator=None, n_components=None,
                           priors=None, shrinkage=None, solver='svd',
                           store_covariance=False, tol=0.0001)
2024-04-27 16:22:05,366:INFO:create_model() successfully completed......................................
2024-04-27 16:22:05,501:INFO:SubProcess create_model() end ==================================
2024-04-27 16:22:05,501:INFO:Creating metrics dataframe
2024-04-27 16:22:05,506:INFO:Initializing Extra Trees Classifier
2024-04-27 16:22:05,506:INFO:Total runtime is 0.16501155694325764 minutes
2024-04-27 16:22:05,506:INFO:SubProcess create_model() called ==================================
2024-04-27 16:22:05,506:INFO:Initializing create_model()
2024-04-27 16:22:05,507:INFO:create_model(self=<pycaret.classification.oop.ClassificationExperiment object at 0x0000015CEB861490>, estimator=et, fold=StratifiedKFold(n_splits=10, random_state=None, shuffle=False), round=4, cross_validation=True, predict=True, fit_kwargs={}, groups=None, refit=False, probability_threshold=None, experiment_custom_tags=None, verbose=False, system=False, add_to_model_list=True, metrics=None, display=<pycaret.internal.display.display.CommonDisplay object at 0x0000015CF66A1610>, model_only=True, return_train_score=False, error_score=0.0, kwargs={})
2024-04-27 16:22:05,507:INFO:Checking exceptions
2024-04-27 16:22:05,507:INFO:Importing libraries
2024-04-27 16:22:05,507:INFO:Copying training dataset
2024-04-27 16:22:05,509:INFO:Defining folds
2024-04-27 16:22:05,509:INFO:Declaring metric variables
2024-04-27 16:22:05,509:INFO:Importing untrained model
2024-04-27 16:22:05,510:INFO:Extra Trees Classifier Imported successfully
2024-04-27 16:22:05,510:INFO:Starting cross validation
2024-04-27 16:22:05,511:INFO:Cross validating with StratifiedKFold(n_splits=10, random_state=None, shuffle=False), n_jobs=-1
2024-04-27 16:22:05,953:INFO:Calculating mean and std
2024-04-27 16:22:05,954:INFO:Creating metrics dataframe
2024-04-27 16:22:05,957:INFO:Uploading results into container
2024-04-27 16:22:05,958:INFO:Uploading model into container now
2024-04-27 16:22:05,958:INFO:_master_model_container: 12
2024-04-27 16:22:05,958:INFO:_display_container: 2
2024-04-27 16:22:05,958:INFO:ExtraTreesClassifier(bootstrap=False, ccp_alpha=0.0, class_weight=None,
                     criterion='gini', max_depth=None, max_features='sqrt',
                     max_leaf_nodes=None, max_samples=None,
                     min_impurity_decrease=0.0, min_samples_leaf=1,
                     min_samples_split=2, min_weight_fraction_leaf=0.0,
                     n_estimators=100, n_jobs=-1, oob_score=False,
                     random_state=6634, verbose=0, warm_start=False)
2024-04-27 16:22:05,958:INFO:create_model() successfully completed......................................
2024-04-27 16:22:06,091:INFO:SubProcess create_model() end ==================================
2024-04-27 16:22:06,092:INFO:Creating metrics dataframe
2024-04-27 16:22:06,095:INFO:Initializing Extreme Gradient Boosting
2024-04-27 16:22:06,095:INFO:Total runtime is 0.17482796510060628 minutes
2024-04-27 16:22:06,095:INFO:SubProcess create_model() called ==================================
2024-04-27 16:22:06,095:INFO:Initializing create_model()
2024-04-27 16:22:06,095:INFO:create_model(self=<pycaret.classification.oop.ClassificationExperiment object at 0x0000015CEB861490>, estimator=xgboost, fold=StratifiedKFold(n_splits=10, random_state=None, shuffle=False), round=4, cross_validation=True, predict=True, fit_kwargs={}, groups=None, refit=False, probability_threshold=None, experiment_custom_tags=None, verbose=False, system=False, add_to_model_list=True, metrics=None, display=<pycaret.internal.display.display.CommonDisplay object at 0x0000015CF66A1610>, model_only=True, return_train_score=False, error_score=0.0, kwargs={})
2024-04-27 16:22:06,095:INFO:Checking exceptions
2024-04-27 16:22:06,095:INFO:Importing libraries
2024-04-27 16:22:06,095:INFO:Copying training dataset
2024-04-27 16:22:06,099:INFO:Defining folds
2024-04-27 16:22:06,099:INFO:Declaring metric variables
2024-04-27 16:22:06,099:INFO:Importing untrained model
2024-04-27 16:22:06,100:INFO:Extreme Gradient Boosting Imported successfully
2024-04-27 16:22:06,100:INFO:Starting cross validation
2024-04-27 16:22:06,101:INFO:Cross validating with StratifiedKFold(n_splits=10, random_state=None, shuffle=False), n_jobs=-1
2024-04-27 16:22:06,266:INFO:Calculating mean and std
2024-04-27 16:22:06,267:INFO:Creating metrics dataframe
2024-04-27 16:22:06,271:INFO:Uploading results into container
2024-04-27 16:22:06,271:INFO:Uploading model into container now
2024-04-27 16:22:06,272:INFO:_master_model_container: 13
2024-04-27 16:22:06,272:INFO:_display_container: 2
2024-04-27 16:22:06,272:INFO:XGBClassifier(base_score=None, booster='gbtree', callbacks=None,
              colsample_bylevel=None, colsample_bynode=None,
              colsample_bytree=None, device='cpu', early_stopping_rounds=None,
              enable_categorical=False, eval_metric=None, feature_types=None,
              gamma=None, grow_policy=None, importance_type=None,
              interaction_constraints=None, learning_rate=None, max_bin=None,
              max_cat_threshold=None, max_cat_to_onehot=None,
              max_delta_step=None, max_depth=None, max_leaves=None,
              min_child_weight=None, missing=nan, monotone_constraints=None,
              multi_strategy=None, n_estimators=None, n_jobs=-1,
              num_parallel_tree=None, objective='binary:logistic', ...)
2024-04-27 16:22:06,272:INFO:create_model() successfully completed......................................
2024-04-27 16:22:06,407:INFO:SubProcess create_model() end ==================================
2024-04-27 16:22:06,407:INFO:Creating metrics dataframe
2024-04-27 16:22:06,410:INFO:Initializing Light Gradient Boosting Machine
2024-04-27 16:22:06,410:INFO:Total runtime is 0.18006958564122516 minutes
2024-04-27 16:22:06,410:INFO:SubProcess create_model() called ==================================
2024-04-27 16:22:06,411:INFO:Initializing create_model()
2024-04-27 16:22:06,411:INFO:create_model(self=<pycaret.classification.oop.ClassificationExperiment object at 0x0000015CEB861490>, estimator=lightgbm, fold=StratifiedKFold(n_splits=10, random_state=None, shuffle=False), round=4, cross_validation=True, predict=True, fit_kwargs={}, groups=None, refit=False, probability_threshold=None, experiment_custom_tags=None, verbose=False, system=False, add_to_model_list=True, metrics=None, display=<pycaret.internal.display.display.CommonDisplay object at 0x0000015CF66A1610>, model_only=True, return_train_score=False, error_score=0.0, kwargs={})
2024-04-27 16:22:06,411:INFO:Checking exceptions
2024-04-27 16:22:06,411:INFO:Importing libraries
2024-04-27 16:22:06,411:INFO:Copying training dataset
2024-04-27 16:22:06,414:INFO:Defining folds
2024-04-27 16:22:06,414:INFO:Declaring metric variables
2024-04-27 16:22:06,414:INFO:Importing untrained model
2024-04-27 16:22:06,414:INFO:Light Gradient Boosting Machine Imported successfully
2024-04-27 16:22:06,415:INFO:Starting cross validation
2024-04-27 16:22:06,415:INFO:Cross validating with StratifiedKFold(n_splits=10, random_state=None, shuffle=False), n_jobs=-1
2024-04-27 16:22:07,253:INFO:Calculating mean and std
2024-04-27 16:22:07,254:INFO:Creating metrics dataframe
2024-04-27 16:22:07,259:INFO:Uploading results into container
2024-04-27 16:22:07,260:INFO:Uploading model into container now
2024-04-27 16:22:07,260:INFO:_master_model_container: 14
2024-04-27 16:22:07,260:INFO:_display_container: 2
2024-04-27 16:22:07,261:INFO:LGBMClassifier(boosting_type='gbdt', class_weight=None, colsample_bytree=1.0,
               importance_type='split', learning_rate=0.1, max_depth=-1,
               min_child_samples=20, min_child_weight=0.001, min_split_gain=0.0,
               n_estimators=100, n_jobs=-1, num_leaves=31, objective=None,
               random_state=6634, reg_alpha=0.0, reg_lambda=0.0, subsample=1.0,
               subsample_for_bin=200000, subsample_freq=0)
2024-04-27 16:22:07,261:INFO:create_model() successfully completed......................................
2024-04-27 16:22:07,422:INFO:SubProcess create_model() end ==================================
2024-04-27 16:22:07,422:INFO:Creating metrics dataframe
2024-04-27 16:22:07,425:INFO:Initializing Dummy Classifier
2024-04-27 16:22:07,425:INFO:Total runtime is 0.19699819087982176 minutes
2024-04-27 16:22:07,425:INFO:SubProcess create_model() called ==================================
2024-04-27 16:22:07,425:INFO:Initializing create_model()
2024-04-27 16:22:07,425:INFO:create_model(self=<pycaret.classification.oop.ClassificationExperiment object at 0x0000015CEB861490>, estimator=dummy, fold=StratifiedKFold(n_splits=10, random_state=None, shuffle=False), round=4, cross_validation=True, predict=True, fit_kwargs={}, groups=None, refit=False, probability_threshold=None, experiment_custom_tags=None, verbose=False, system=False, add_to_model_list=True, metrics=None, display=<pycaret.internal.display.display.CommonDisplay object at 0x0000015CF66A1610>, model_only=True, return_train_score=False, error_score=0.0, kwargs={})
2024-04-27 16:22:07,425:INFO:Checking exceptions
2024-04-27 16:22:07,425:INFO:Importing libraries
2024-04-27 16:22:07,426:INFO:Copying training dataset
2024-04-27 16:22:07,428:INFO:Defining folds
2024-04-27 16:22:07,428:INFO:Declaring metric variables
2024-04-27 16:22:07,428:INFO:Importing untrained model
2024-04-27 16:22:07,428:INFO:Dummy Classifier Imported successfully
2024-04-27 16:22:07,429:INFO:Starting cross validation
2024-04-27 16:22:07,429:INFO:Cross validating with StratifiedKFold(n_splits=10, random_state=None, shuffle=False), n_jobs=-1
2024-04-27 16:22:07,488:INFO:Calculating mean and std
2024-04-27 16:22:07,488:INFO:Creating metrics dataframe
2024-04-27 16:22:07,491:INFO:Uploading results into container
2024-04-27 16:22:07,491:INFO:Uploading model into container now
2024-04-27 16:22:07,491:INFO:_master_model_container: 15
2024-04-27 16:22:07,493:INFO:_display_container: 2
2024-04-27 16:22:07,493:INFO:DummyClassifier(constant=None, random_state=6634, strategy='prior')
2024-04-27 16:22:07,493:INFO:create_model() successfully completed......................................
2024-04-27 16:22:07,623:INFO:SubProcess create_model() end ==================================
2024-04-27 16:22:07,623:INFO:Creating metrics dataframe
2024-04-27 16:22:07,629:INFO:Initializing create_model()
2024-04-27 16:22:07,629:INFO:create_model(self=<pycaret.classification.oop.ClassificationExperiment object at 0x0000015CEB861490>, estimator=LGBMClassifier(boosting_type='gbdt', class_weight=None, colsample_bytree=1.0,
               importance_type='split', learning_rate=0.1, max_depth=-1,
               min_child_samples=20, min_child_weight=0.001, min_split_gain=0.0,
               n_estimators=100, n_jobs=-1, num_leaves=31, objective=None,
               random_state=6634, reg_alpha=0.0, reg_lambda=0.0, subsample=1.0,
               subsample_for_bin=200000, subsample_freq=0), fold=StratifiedKFold(n_splits=10, random_state=None, shuffle=False), round=4, cross_validation=False, predict=False, fit_kwargs={}, groups=None, refit=True, probability_threshold=None, experiment_custom_tags=None, verbose=False, system=False, add_to_model_list=True, metrics=None, display=None, model_only=True, return_train_score=False, error_score=0.0, kwargs={})
2024-04-27 16:22:07,629:INFO:Checking exceptions
2024-04-27 16:22:07,630:INFO:Importing libraries
2024-04-27 16:22:07,630:INFO:Copying training dataset
2024-04-27 16:22:07,632:INFO:Defining folds
2024-04-27 16:22:07,632:INFO:Declaring metric variables
2024-04-27 16:22:07,632:INFO:Importing untrained model
2024-04-27 16:22:07,632:INFO:Declaring custom model
2024-04-27 16:22:07,633:INFO:Light Gradient Boosting Machine Imported successfully
2024-04-27 16:22:07,633:INFO:Cross validation set to False
2024-04-27 16:22:07,633:INFO:Fitting Model
2024-04-27 16:22:07,647:INFO:[LightGBM] [Info] Number of positive: 231, number of negative: 193
2024-04-27 16:22:07,647:INFO:[LightGBM] [Info] Auto-choosing row-wise multi-threading, the overhead of testing was 0.000105 seconds.
2024-04-27 16:22:07,647:INFO:You can set `force_row_wise=true` to remove the overhead.
2024-04-27 16:22:07,647:INFO:And if memory is not enough, you can set `force_col_wise=true`.
2024-04-27 16:22:07,648:INFO:[LightGBM] [Info] Total Bins 290
2024-04-27 16:22:07,648:INFO:[LightGBM] [Info] Number of data points in the train set: 424, number of used features: 13
2024-04-27 16:22:07,649:INFO:[LightGBM] [Info] [binary:BoostFromScore]: pavg=0.544811 -> initscore=0.179728
2024-04-27 16:22:07,649:INFO:[LightGBM] [Info] Start training from score 0.179728
2024-04-27 16:22:07,649:INFO:[LightGBM] [Warning] No further splits with positive gain, best gain: -inf
2024-04-27 16:22:07,649:INFO:[LightGBM] [Warning] No further splits with positive gain, best gain: -inf
2024-04-27 16:22:07,650:INFO:[LightGBM] [Warning] No further splits with positive gain, best gain: -inf
2024-04-27 16:22:07,650:INFO:[LightGBM] [Warning] No further splits with positive gain, best gain: -inf
2024-04-27 16:22:07,651:INFO:[LightGBM] [Warning] No further splits with positive gain, best gain: -inf
2024-04-27 16:22:07,651:INFO:[LightGBM] [Warning] No further splits with positive gain, best gain: -inf
2024-04-27 16:22:07,651:INFO:[LightGBM] [Warning] No further splits with positive gain, best gain: -inf
2024-04-27 16:22:07,652:INFO:[LightGBM] [Warning] No further splits with positive gain, best gain: -inf
2024-04-27 16:22:07,652:INFO:[LightGBM] [Warning] No further splits with positive gain, best gain: -inf
2024-04-27 16:22:07,652:INFO:[LightGBM] [Warning] No further splits with positive gain, best gain: -inf
2024-04-27 16:22:07,653:INFO:[LightGBM] [Warning] No further splits with positive gain, best gain: -inf
2024-04-27 16:22:07,653:INFO:[LightGBM] [Warning] No further splits with positive gain, best gain: -inf
2024-04-27 16:22:07,654:INFO:[LightGBM] [Warning] No further splits with positive gain, best gain: -inf
2024-04-27 16:22:07,654:INFO:[LightGBM] [Warning] No further splits with positive gain, best gain: -inf
2024-04-27 16:22:07,654:INFO:[LightGBM] [Warning] No further splits with positive gain, best gain: -inf
2024-04-27 16:22:07,655:INFO:[LightGBM] [Warning] No further splits with positive gain, best gain: -inf
2024-04-27 16:22:07,656:INFO:[LightGBM] [Warning] No further splits with positive gain, best gain: -inf
2024-04-27 16:22:07,656:INFO:[LightGBM] [Warning] No further splits with positive gain, best gain: -inf
2024-04-27 16:22:07,657:INFO:[LightGBM] [Warning] No further splits with positive gain, best gain: -inf
2024-04-27 16:22:07,658:INFO:[LightGBM] [Warning] No further splits with positive gain, best gain: -inf
2024-04-27 16:22:07,658:INFO:[LightGBM] [Warning] No further splits with positive gain, best gain: -inf
2024-04-27 16:22:07,659:INFO:[LightGBM] [Warning] No further splits with positive gain, best gain: -inf
2024-04-27 16:22:07,659:INFO:[LightGBM] [Warning] No further splits with positive gain, best gain: -inf
2024-04-27 16:22:07,660:INFO:[LightGBM] [Warning] No further splits with positive gain, best gain: -inf
2024-04-27 16:22:07,660:INFO:[LightGBM] [Warning] No further splits with positive gain, best gain: -inf
2024-04-27 16:22:07,660:INFO:[LightGBM] [Warning] No further splits with positive gain, best gain: -inf
2024-04-27 16:22:07,661:INFO:[LightGBM] [Warning] No further splits with positive gain, best gain: -inf
2024-04-27 16:22:07,661:INFO:[LightGBM] [Warning] No further splits with positive gain, best gain: -inf
2024-04-27 16:22:07,662:INFO:[LightGBM] [Warning] No further splits with positive gain, best gain: -inf
2024-04-27 16:22:07,662:INFO:[LightGBM] [Warning] No further splits with positive gain, best gain: -inf
2024-04-27 16:22:07,663:INFO:[LightGBM] [Warning] No further splits with positive gain, best gain: -inf
2024-04-27 16:22:07,664:INFO:[LightGBM] [Warning] No further splits with positive gain, best gain: -inf
2024-04-27 16:22:07,665:INFO:[LightGBM] [Warning] No further splits with positive gain, best gain: -inf
2024-04-27 16:22:07,665:INFO:[LightGBM] [Warning] No further splits with positive gain, best gain: -inf
2024-04-27 16:22:07,666:INFO:[LightGBM] [Warning] No further splits with positive gain, best gain: -inf
2024-04-27 16:22:07,666:INFO:[LightGBM] [Warning] No further splits with positive gain, best gain: -inf
2024-04-27 16:22:07,667:INFO:[LightGBM] [Warning] No further splits with positive gain, best gain: -inf
2024-04-27 16:22:07,667:INFO:[LightGBM] [Warning] No further splits with positive gain, best gain: -inf
2024-04-27 16:22:07,668:INFO:[LightGBM] [Warning] No further splits with positive gain, best gain: -inf
2024-04-27 16:22:07,668:INFO:[LightGBM] [Warning] No further splits with positive gain, best gain: -inf
2024-04-27 16:22:07,668:INFO:[LightGBM] [Warning] No further splits with positive gain, best gain: -inf
2024-04-27 16:22:07,669:INFO:[LightGBM] [Warning] No further splits with positive gain, best gain: -inf
2024-04-27 16:22:07,669:INFO:[LightGBM] [Warning] No further splits with positive gain, best gain: -inf
2024-04-27 16:22:07,670:INFO:[LightGBM] [Warning] No further splits with positive gain, best gain: -inf
2024-04-27 16:22:07,670:INFO:[LightGBM] [Warning] No further splits with positive gain, best gain: -inf
2024-04-27 16:22:07,670:INFO:[LightGBM] [Warning] No further splits with positive gain, best gain: -inf
2024-04-27 16:22:07,671:INFO:[LightGBM] [Warning] No further splits with positive gain, best gain: -inf
2024-04-27 16:22:07,672:INFO:[LightGBM] [Warning] No further splits with positive gain, best gain: -inf
2024-04-27 16:22:07,673:INFO:[LightGBM] [Warning] No further splits with positive gain, best gain: -inf
2024-04-27 16:22:07,673:INFO:[LightGBM] [Warning] No further splits with positive gain, best gain: -inf
2024-04-27 16:22:07,674:INFO:[LightGBM] [Warning] No further splits with positive gain, best gain: -inf
2024-04-27 16:22:07,674:INFO:[LightGBM] [Warning] No further splits with positive gain, best gain: -inf
2024-04-27 16:22:07,675:INFO:[LightGBM] [Warning] No further splits with positive gain, best gain: -inf
2024-04-27 16:22:07,675:INFO:[LightGBM] [Warning] No further splits with positive gain, best gain: -inf
2024-04-27 16:22:07,676:INFO:[LightGBM] [Warning] No further splits with positive gain, best gain: -inf
2024-04-27 16:22:07,676:INFO:[LightGBM] [Warning] No further splits with positive gain, best gain: -inf
2024-04-27 16:22:07,676:INFO:[LightGBM] [Warning] No further splits with positive gain, best gain: -inf
2024-04-27 16:22:07,676:INFO:[LightGBM] [Warning] No further splits with positive gain, best gain: -inf
2024-04-27 16:22:07,677:INFO:[LightGBM] [Warning] No further splits with positive gain, best gain: -inf
2024-04-27 16:22:07,677:INFO:[LightGBM] [Warning] No further splits with positive gain, best gain: -inf
2024-04-27 16:22:07,678:INFO:[LightGBM] [Warning] No further splits with positive gain, best gain: -inf
2024-04-27 16:22:07,678:INFO:[LightGBM] [Warning] No further splits with positive gain, best gain: -inf
2024-04-27 16:22:07,679:INFO:[LightGBM] [Warning] No further splits with positive gain, best gain: -inf
2024-04-27 16:22:07,680:INFO:[LightGBM] [Warning] No further splits with positive gain, best gain: -inf
2024-04-27 16:22:07,680:INFO:[LightGBM] [Warning] No further splits with positive gain, best gain: -inf
2024-04-27 16:22:07,681:INFO:[LightGBM] [Warning] No further splits with positive gain, best gain: -inf
2024-04-27 16:22:07,681:INFO:[LightGBM] [Warning] No further splits with positive gain, best gain: -inf
2024-04-27 16:22:07,682:INFO:[LightGBM] [Warning] No further splits with positive gain, best gain: -inf
2024-04-27 16:22:07,682:INFO:[LightGBM] [Warning] No further splits with positive gain, best gain: -inf
2024-04-27 16:22:07,683:INFO:[LightGBM] [Warning] No further splits with positive gain, best gain: -inf
2024-04-27 16:22:07,683:INFO:[LightGBM] [Warning] No further splits with positive gain, best gain: -inf
2024-04-27 16:22:07,684:INFO:[LightGBM] [Warning] No further splits with positive gain, best gain: -inf
2024-04-27 16:22:07,684:INFO:[LightGBM] [Warning] No further splits with positive gain, best gain: -inf
2024-04-27 16:22:07,684:INFO:[LightGBM] [Warning] No further splits with positive gain, best gain: -inf
2024-04-27 16:22:07,685:INFO:[LightGBM] [Warning] No further splits with positive gain, best gain: -inf
2024-04-27 16:22:07,685:INFO:[LightGBM] [Warning] No further splits with positive gain, best gain: -inf
2024-04-27 16:22:07,686:INFO:[LightGBM] [Warning] No further splits with positive gain, best gain: -inf
2024-04-27 16:22:07,686:INFO:[LightGBM] [Warning] No further splits with positive gain, best gain: -inf
2024-04-27 16:22:07,687:INFO:[LightGBM] [Warning] No further splits with positive gain, best gain: -inf
2024-04-27 16:22:07,687:INFO:[LightGBM] [Warning] No further splits with positive gain, best gain: -inf
2024-04-27 16:22:07,688:INFO:[LightGBM] [Warning] No further splits with positive gain, best gain: -inf
2024-04-27 16:22:07,688:INFO:[LightGBM] [Warning] No further splits with positive gain, best gain: -inf
2024-04-27 16:22:07,688:INFO:[LightGBM] [Warning] No further splits with positive gain, best gain: -inf
2024-04-27 16:22:07,689:INFO:[LightGBM] [Warning] No further splits with positive gain, best gain: -inf
2024-04-27 16:22:07,689:INFO:[LightGBM] [Warning] No further splits with positive gain, best gain: -inf
2024-04-27 16:22:07,690:INFO:[LightGBM] [Warning] No further splits with positive gain, best gain: -inf
2024-04-27 16:22:07,690:INFO:[LightGBM] [Warning] No further splits with positive gain, best gain: -inf
2024-04-27 16:22:07,690:INFO:[LightGBM] [Warning] No further splits with positive gain, best gain: -inf
2024-04-27 16:22:07,691:INFO:[LightGBM] [Warning] No further splits with positive gain, best gain: -inf
2024-04-27 16:22:07,691:INFO:[LightGBM] [Warning] No further splits with positive gain, best gain: -inf
2024-04-27 16:22:07,692:INFO:[LightGBM] [Warning] No further splits with positive gain, best gain: -inf
2024-04-27 16:22:07,692:INFO:[LightGBM] [Warning] No further splits with positive gain, best gain: -inf
2024-04-27 16:22:07,693:INFO:[LightGBM] [Warning] No further splits with positive gain, best gain: -inf
2024-04-27 16:22:07,693:INFO:[LightGBM] [Warning] No further splits with positive gain, best gain: -inf
2024-04-27 16:22:07,694:INFO:[LightGBM] [Warning] No further splits with positive gain, best gain: -inf
2024-04-27 16:22:07,694:INFO:[LightGBM] [Warning] No further splits with positive gain, best gain: -inf
2024-04-27 16:22:07,695:INFO:[LightGBM] [Warning] No further splits with positive gain, best gain: -inf
2024-04-27 16:22:07,695:INFO:[LightGBM] [Warning] No further splits with positive gain, best gain: -inf
2024-04-27 16:22:07,696:INFO:[LightGBM] [Warning] No further splits with positive gain, best gain: -inf
2024-04-27 16:22:07,696:INFO:[LightGBM] [Warning] No further splits with positive gain, best gain: -inf
2024-04-27 16:22:07,703:INFO:LGBMClassifier(boosting_type='gbdt', class_weight=None, colsample_bytree=1.0,
               importance_type='split', learning_rate=0.1, max_depth=-1,
               min_child_samples=20, min_child_weight=0.001, min_split_gain=0.0,
               n_estimators=100, n_jobs=-1, num_leaves=31, objective=None,
               random_state=6634, reg_alpha=0.0, reg_lambda=0.0, subsample=1.0,
               subsample_for_bin=200000, subsample_freq=0)
2024-04-27 16:22:07,703:INFO:create_model() successfully completed......................................
2024-04-27 16:22:07,871:INFO:_master_model_container: 15
2024-04-27 16:22:07,871:INFO:_display_container: 2
2024-04-27 16:22:07,871:INFO:LGBMClassifier(boosting_type='gbdt', class_weight=None, colsample_bytree=1.0,
               importance_type='split', learning_rate=0.1, max_depth=-1,
               min_child_samples=20, min_child_weight=0.001, min_split_gain=0.0,
               n_estimators=100, n_jobs=-1, num_leaves=31, objective=None,
               random_state=6634, reg_alpha=0.0, reg_lambda=0.0, subsample=1.0,
               subsample_for_bin=200000, subsample_freq=0)
2024-04-27 16:22:07,871:INFO:compare_models() successfully completed......................................
2024-04-27 16:22:07,875:INFO:Initializing save_model()
2024-04-27 16:22:07,876:INFO:save_model(model=LGBMClassifier(boosting_type='gbdt', class_weight=None, colsample_bytree=1.0,
               importance_type='split', learning_rate=0.1, max_depth=-1,
               min_child_samples=20, min_child_weight=0.001, min_split_gain=0.0,
               n_estimators=100, n_jobs=-1, num_leaves=31, objective=None,
               random_state=6634, reg_alpha=0.0, reg_lambda=0.0, subsample=1.0,
               subsample_for_bin=200000, subsample_freq=0), model_name=best_model, prep_pipe_=Pipeline(memory=FastMemory(location=C:\Users\KIIT\AppData\Local\Temp\joblib),
         steps=[('numerical_imputer',
                 TransformerWrapper(exclude=None,
                                    include=['age', 'sex', 'cp', 'trestbps',
                                             'chol', 'fbs', 'restecg',
                                             'thalach', 'exang', 'oldpeak',
                                             'slope', 'ca', 'thal'],
                                    transformer=SimpleImputer(add_indicator=False,
                                                              copy=True,
                                                              fill_value=None,
                                                              keep_empty_features=False,
                                                              missing_values=nan,
                                                              strategy='mean',
                                                              verbose='deprecated'))),
                ('categorical_imputer',
                 TransformerWrapper(exclude=None, include=[],
                                    transformer=SimpleImputer(add_indicator=False,
                                                              copy=True,
                                                              fill_value=None,
                                                              keep_empty_features=False,
                                                              missing_values=nan,
                                                              strategy='most_frequent',
                                                              verbose='deprecated')))],
         verbose=False), verbose=True, use_case=MLUsecase.CLASSIFICATION, kwargs={})
2024-04-27 16:22:07,876:INFO:Adding model into prep_pipe
2024-04-27 16:22:07,885:INFO:best_model.pkl saved in current working directory
2024-04-27 16:22:07,891:INFO:Pipeline(memory=Memory(location=None),
         steps=[('numerical_imputer',
                 TransformerWrapper(exclude=None,
                                    include=['age', 'sex', 'cp', 'trestbps',
                                             'chol', 'fbs', 'restecg',
                                             'thalach', 'exang', 'oldpeak',
                                             'slope', 'ca', 'thal'],
                                    transformer=SimpleImputer(add_indicator=False,
                                                              copy=True,
                                                              fill_value=None,
                                                              keep_empty_features=False,
                                                              missing_values=nan,
                                                              strategy='mean',
                                                              verbose='d...
                 LGBMClassifier(boosting_type='gbdt', class_weight=None,
                                colsample_bytree=1.0, importance_type='split',
                                learning_rate=0.1, max_depth=-1,
                                min_child_samples=20, min_child_weight=0.001,
                                min_split_gain=0.0, n_estimators=100, n_jobs=-1,
                                num_leaves=31, objective=None,
                                random_state=6634, reg_alpha=0.0,
                                reg_lambda=0.0, subsample=1.0,
                                subsample_for_bin=200000, subsample_freq=0))],
         verbose=False)
2024-04-27 16:22:07,892:INFO:save_model() successfully completed......................................
2024-04-27 16:24:23,179:INFO:PyCaret RegressionExperiment
2024-04-27 16:24:23,180:INFO:Logging name: reg-default-name
2024-04-27 16:24:23,180:INFO:ML Usecase: MLUsecase.REGRESSION
2024-04-27 16:24:23,180:INFO:version 3.2.0
2024-04-27 16:24:23,180:INFO:Initializing setup()
2024-04-27 16:24:23,180:INFO:self.USI: 05d2
2024-04-27 16:24:23,180:INFO:self._variable_keys: {'gpu_n_jobs_param', 'fold_generator', 'gpu_param', 'X_train', 'log_plots_param', '_ml_usecase', 'n_jobs_param', 'fold_shuffle_param', 'exp_name_log', 'USI', 'exp_id', 'X', 'pipeline', 'idx', 'html_param', 'logging_param', '_available_plots', 'target_param', 'X_test', 'y_test', 'transform_target_param', 'memory', 'y_train', 'y', 'seed', 'data', 'fold_groups_param'}
2024-04-27 16:24:23,180:INFO:Checking environment
2024-04-27 16:24:23,180:INFO:python_version: 3.11.4
2024-04-27 16:24:23,180:INFO:python_build: ('tags/v3.11.4:d2340ef', 'Jun  7 2023 05:45:37')
2024-04-27 16:24:23,180:INFO:machine: AMD64
2024-04-27 16:24:23,181:INFO:platform: Windows-10-10.0.22631-SP0
2024-04-27 16:24:23,187:INFO:Memory: svmem(total=16473116672, available=3900436480, percent=76.3, used=12572680192, free=3900436480)
2024-04-27 16:24:23,187:INFO:Physical Core: 8
2024-04-27 16:24:23,187:INFO:Logical Core: 16
2024-04-27 16:24:23,187:INFO:Checking libraries
2024-04-27 16:24:23,187:INFO:System:
2024-04-27 16:24:23,187:INFO:    python: 3.11.4 (tags/v3.11.4:d2340ef, Jun  7 2023, 05:45:37) [MSC v.1934 64 bit (AMD64)]
2024-04-27 16:24:23,187:INFO:executable: C:\Users\KIIT\AppData\Local\Programs\Python\Python311\python.exe
2024-04-27 16:24:23,187:INFO:   machine: Windows-10-10.0.22631-SP0
2024-04-27 16:24:23,187:INFO:PyCaret required dependencies:
2024-04-27 16:24:23,187:INFO:                 pip: 24.0
2024-04-27 16:24:23,187:INFO:          setuptools: 69.0.3
2024-04-27 16:24:23,187:INFO:             pycaret: 3.2.0
2024-04-27 16:24:23,187:INFO:             IPython: 8.15.0
2024-04-27 16:24:23,187:INFO:          ipywidgets: 8.1.1
2024-04-27 16:24:23,187:INFO:                tqdm: 4.66.1
2024-04-27 16:24:23,187:INFO:               numpy: 1.24.2
2024-04-27 16:24:23,187:INFO:              pandas: 1.5.3
2024-04-27 16:24:23,187:INFO:              jinja2: 3.1.2
2024-04-27 16:24:23,187:INFO:               scipy: 1.10.1
2024-04-27 16:24:23,187:INFO:              joblib: 1.3.2
2024-04-27 16:24:23,187:INFO:             sklearn: 1.2.2
2024-04-27 16:24:23,187:INFO:                pyod: 1.1.2
2024-04-27 16:24:23,187:INFO:            imblearn: 0.11.0
2024-04-27 16:24:23,187:INFO:   category_encoders: 2.6.3
2024-04-27 16:24:23,187:INFO:            lightgbm: 4.2.0
2024-04-27 16:24:23,187:INFO:               numba: 0.58.1
2024-04-27 16:24:23,187:INFO:            requests: 2.31.0
2024-04-27 16:24:23,187:INFO:          matplotlib: 3.6.0
2024-04-27 16:24:23,188:INFO:          scikitplot: 0.3.7
2024-04-27 16:24:23,188:INFO:         yellowbrick: 1.5
2024-04-27 16:24:23,188:INFO:              plotly: 5.18.0
2024-04-27 16:24:23,188:INFO:    plotly-resampler: Not installed
2024-04-27 16:24:23,188:INFO:             kaleido: 0.2.1
2024-04-27 16:24:23,188:INFO:           schemdraw: 0.15
2024-04-27 16:24:23,188:INFO:         statsmodels: 0.14.1
2024-04-27 16:24:23,188:INFO:              sktime: 0.21.1
2024-04-27 16:24:23,188:INFO:               tbats: 1.1.3
2024-04-27 16:24:23,188:INFO:            pmdarima: 2.0.4
2024-04-27 16:24:23,188:INFO:              psutil: 5.9.5
2024-04-27 16:24:23,188:INFO:          markupsafe: 2.0.1
2024-04-27 16:24:23,188:INFO:             pickle5: Not installed
2024-04-27 16:24:23,188:INFO:         cloudpickle: 3.0.0
2024-04-27 16:24:23,188:INFO:         deprecation: 2.1.0
2024-04-27 16:24:23,188:INFO:              xxhash: 3.4.1
2024-04-27 16:24:23,188:INFO:           wurlitzer: Not installed
2024-04-27 16:24:23,188:INFO:PyCaret optional dependencies:
2024-04-27 16:24:23,188:INFO:                shap: 0.45.0
2024-04-27 16:24:23,188:INFO:           interpret: Not installed
2024-04-27 16:24:23,188:INFO:                umap: Not installed
2024-04-27 16:24:23,188:INFO:     ydata_profiling: 4.6.4
2024-04-27 16:24:23,188:INFO:  explainerdashboard: Not installed
2024-04-27 16:24:23,188:INFO:             autoviz: Not installed
2024-04-27 16:24:23,188:INFO:           fairlearn: Not installed
2024-04-27 16:24:23,188:INFO:          deepchecks: Not installed
2024-04-27 16:24:23,188:INFO:             xgboost: 2.0.3
2024-04-27 16:24:23,188:INFO:            catboost: Not installed
2024-04-27 16:24:23,188:INFO:              kmodes: Not installed
2024-04-27 16:24:23,188:INFO:             mlxtend: Not installed
2024-04-27 16:24:23,188:INFO:       statsforecast: Not installed
2024-04-27 16:24:23,188:INFO:        tune_sklearn: Not installed
2024-04-27 16:24:23,188:INFO:                 ray: Not installed
2024-04-27 16:24:23,188:INFO:            hyperopt: Not installed
2024-04-27 16:24:23,188:INFO:              optuna: Not installed
2024-04-27 16:24:23,189:INFO:               skopt: Not installed
2024-04-27 16:24:23,189:INFO:              mlflow: Not installed
2024-04-27 16:24:23,189:INFO:              gradio: Not installed
2024-04-27 16:24:23,189:INFO:             fastapi: 0.109.0
2024-04-27 16:24:23,189:INFO:             uvicorn: 0.26.0
2024-04-27 16:24:23,189:INFO:              m2cgen: Not installed
2024-04-27 16:24:23,189:INFO:           evidently: Not installed
2024-04-27 16:24:23,189:INFO:               fugue: Not installed
2024-04-27 16:24:23,189:INFO:           streamlit: 1.30.0
2024-04-27 16:24:23,189:INFO:             prophet: 1.1.5
2024-04-27 16:24:23,189:INFO:None
2024-04-27 16:24:23,189:INFO:Set up data.
2024-04-27 16:24:23,193:INFO:Set up folding strategy.
2024-04-27 16:24:23,193:INFO:Set up train/test split.
2024-04-27 16:24:23,195:INFO:Set up index.
2024-04-27 16:24:23,196:INFO:Assigning column types.
2024-04-27 16:24:23,201:INFO:Engine successfully changes for model 'lr' to 'sklearn'.
2024-04-27 16:24:23,201:INFO:Engine for model 'lasso' has not been set explicitly, hence returning None.
2024-04-27 16:24:23,206:INFO:Engine for model 'ridge' has not been set explicitly, hence returning None.
2024-04-27 16:24:23,210:INFO:Engine for model 'en' has not been set explicitly, hence returning None.
2024-04-27 16:24:23,270:INFO:Engine for model 'svm' has not been set explicitly, hence returning None.
2024-04-27 16:24:23,319:INFO:Engine for model 'knn' has not been set explicitly, hence returning None.
2024-04-27 16:24:23,320:INFO:Soft dependency imported: xgboost: 2.0.3
2024-04-27 16:24:23,323:WARNING:
'catboost' is a soft dependency and not included in the pycaret installation. Please run: `pip install catboost` to install.
Alternately, you can install this by running `pip install pycaret[models]`
2024-04-27 16:24:23,323:INFO:Engine for model 'lasso' has not been set explicitly, hence returning None.
2024-04-27 16:24:23,327:INFO:Engine for model 'ridge' has not been set explicitly, hence returning None.
2024-04-27 16:24:23,333:INFO:Engine for model 'en' has not been set explicitly, hence returning None.
2024-04-27 16:24:23,389:INFO:Engine for model 'svm' has not been set explicitly, hence returning None.
2024-04-27 16:24:23,436:INFO:Engine for model 'knn' has not been set explicitly, hence returning None.
2024-04-27 16:24:23,437:INFO:Soft dependency imported: xgboost: 2.0.3
2024-04-27 16:24:23,440:WARNING:
'catboost' is a soft dependency and not included in the pycaret installation. Please run: `pip install catboost` to install.
Alternately, you can install this by running `pip install pycaret[models]`
2024-04-27 16:24:23,441:INFO:Engine successfully changes for model 'lasso' to 'sklearn'.
2024-04-27 16:24:23,446:INFO:Engine for model 'ridge' has not been set explicitly, hence returning None.
2024-04-27 16:24:23,450:INFO:Engine for model 'en' has not been set explicitly, hence returning None.
2024-04-27 16:24:23,508:INFO:Engine for model 'svm' has not been set explicitly, hence returning None.
2024-04-27 16:24:23,554:INFO:Engine for model 'knn' has not been set explicitly, hence returning None.
2024-04-27 16:24:23,555:INFO:Soft dependency imported: xgboost: 2.0.3
2024-04-27 16:24:23,557:WARNING:
'catboost' is a soft dependency and not included in the pycaret installation. Please run: `pip install catboost` to install.
Alternately, you can install this by running `pip install pycaret[models]`
2024-04-27 16:24:23,563:INFO:Engine for model 'ridge' has not been set explicitly, hence returning None.
2024-04-27 16:24:23,568:INFO:Engine for model 'en' has not been set explicitly, hence returning None.
2024-04-27 16:24:23,634:INFO:Engine for model 'svm' has not been set explicitly, hence returning None.
2024-04-27 16:24:23,687:INFO:Engine for model 'knn' has not been set explicitly, hence returning None.
2024-04-27 16:24:23,688:INFO:Soft dependency imported: xgboost: 2.0.3
2024-04-27 16:24:23,691:WARNING:
'catboost' is a soft dependency and not included in the pycaret installation. Please run: `pip install catboost` to install.
Alternately, you can install this by running `pip install pycaret[models]`
2024-04-27 16:24:23,691:INFO:Engine successfully changes for model 'ridge' to 'sklearn'.
2024-04-27 16:24:23,700:INFO:Engine for model 'en' has not been set explicitly, hence returning None.
2024-04-27 16:24:23,759:INFO:Engine for model 'svm' has not been set explicitly, hence returning None.
2024-04-27 16:24:23,805:INFO:Engine for model 'knn' has not been set explicitly, hence returning None.
2024-04-27 16:24:23,806:INFO:Soft dependency imported: xgboost: 2.0.3
2024-04-27 16:24:23,809:WARNING:
'catboost' is a soft dependency and not included in the pycaret installation. Please run: `pip install catboost` to install.
Alternately, you can install this by running `pip install pycaret[models]`
2024-04-27 16:24:23,818:INFO:Engine for model 'en' has not been set explicitly, hence returning None.
2024-04-27 16:24:23,879:INFO:Engine for model 'svm' has not been set explicitly, hence returning None.
2024-04-27 16:24:23,924:INFO:Engine for model 'knn' has not been set explicitly, hence returning None.
2024-04-27 16:24:23,925:INFO:Soft dependency imported: xgboost: 2.0.3
2024-04-27 16:24:23,927:WARNING:
'catboost' is a soft dependency and not included in the pycaret installation. Please run: `pip install catboost` to install.
Alternately, you can install this by running `pip install pycaret[models]`
2024-04-27 16:24:23,928:INFO:Engine successfully changes for model 'en' to 'sklearn'.
2024-04-27 16:24:23,992:INFO:Engine for model 'svm' has not been set explicitly, hence returning None.
2024-04-27 16:24:24,041:INFO:Engine for model 'knn' has not been set explicitly, hence returning None.
2024-04-27 16:24:24,042:INFO:Soft dependency imported: xgboost: 2.0.3
2024-04-27 16:24:24,045:WARNING:
'catboost' is a soft dependency and not included in the pycaret installation. Please run: `pip install catboost` to install.
Alternately, you can install this by running `pip install pycaret[models]`
2024-04-27 16:24:24,111:INFO:Engine for model 'svm' has not been set explicitly, hence returning None.
2024-04-27 16:24:24,160:INFO:Engine for model 'knn' has not been set explicitly, hence returning None.
2024-04-27 16:24:24,161:INFO:Soft dependency imported: xgboost: 2.0.3
2024-04-27 16:24:24,164:WARNING:
'catboost' is a soft dependency and not included in the pycaret installation. Please run: `pip install catboost` to install.
Alternately, you can install this by running `pip install pycaret[models]`
2024-04-27 16:24:24,164:INFO:Engine successfully changes for model 'knn' to 'sklearn'.
2024-04-27 16:24:24,228:INFO:Engine for model 'svm' has not been set explicitly, hence returning None.
2024-04-27 16:24:24,274:INFO:Soft dependency imported: xgboost: 2.0.3
2024-04-27 16:24:24,278:WARNING:
'catboost' is a soft dependency and not included in the pycaret installation. Please run: `pip install catboost` to install.
Alternately, you can install this by running `pip install pycaret[models]`
2024-04-27 16:24:24,352:INFO:Engine for model 'svm' has not been set explicitly, hence returning None.
2024-04-27 16:24:24,397:INFO:Soft dependency imported: xgboost: 2.0.3
2024-04-27 16:24:24,399:WARNING:
'catboost' is a soft dependency and not included in the pycaret installation. Please run: `pip install catboost` to install.
Alternately, you can install this by running `pip install pycaret[models]`
2024-04-27 16:24:24,400:INFO:Engine successfully changes for model 'svm' to 'sklearn'.
2024-04-27 16:24:24,518:INFO:Soft dependency imported: xgboost: 2.0.3
2024-04-27 16:24:24,521:WARNING:
'catboost' is a soft dependency and not included in the pycaret installation. Please run: `pip install catboost` to install.
Alternately, you can install this by running `pip install pycaret[models]`
2024-04-27 16:24:24,639:INFO:Soft dependency imported: xgboost: 2.0.3
2024-04-27 16:24:24,642:WARNING:
'catboost' is a soft dependency and not included in the pycaret installation. Please run: `pip install catboost` to install.
Alternately, you can install this by running `pip install pycaret[models]`
2024-04-27 16:24:24,643:INFO:Preparing preprocessing pipeline...
2024-04-27 16:24:24,643:INFO:Set up simple imputation.
2024-04-27 16:24:24,657:INFO:Finished creating preprocessing pipeline.
2024-04-27 16:24:24,660:INFO:Pipeline: Pipeline(memory=FastMemory(location=C:\Users\KIIT\AppData\Local\Temp\joblib),
         steps=[('numerical_imputer',
                 TransformerWrapper(include=['CRIM', 'ZN', 'INDUS', 'CHAS',
                                             'NOX', 'RM', 'AGE', 'DIS', 'RAD',
                                             'TAX', 'PTRATIO', 'B', 'LSTAT'],
                                    transformer=SimpleImputer())),
                ('categorical_imputer',
                 TransformerWrapper(include=[],
                                    transformer=SimpleImputer(strategy='most_frequent')))])
2024-04-27 16:24:24,660:INFO:Creating final display dataframe.
2024-04-27 16:24:24,712:INFO:Setup _display_container:                     Description             Value
0                    Session id              8985
1                        Target              MEDV
2                   Target type        Regression
3           Original data shape         (506, 14)
4        Transformed data shape         (506, 14)
5   Transformed train set shape         (354, 14)
6    Transformed test set shape         (152, 14)
7              Numeric features                13
8      Rows with missing values              1.0%
9                    Preprocess              True
10              Imputation type            simple
11           Numeric imputation              mean
12       Categorical imputation              mode
13               Fold Generator             KFold
14                  Fold Number                10
15                     CPU Jobs                -1
16                      Use GPU             False
17               Log Experiment             False
18              Experiment Name  reg-default-name
19                          USI              05d2
2024-04-27 16:24:24,836:INFO:Soft dependency imported: xgboost: 2.0.3
2024-04-27 16:24:24,838:WARNING:
'catboost' is a soft dependency and not included in the pycaret installation. Please run: `pip install catboost` to install.
Alternately, you can install this by running `pip install pycaret[models]`
2024-04-27 16:24:24,953:INFO:Soft dependency imported: xgboost: 2.0.3
2024-04-27 16:24:24,956:WARNING:
'catboost' is a soft dependency and not included in the pycaret installation. Please run: `pip install catboost` to install.
Alternately, you can install this by running `pip install pycaret[models]`
2024-04-27 16:24:24,956:INFO:setup() successfully completed in 1.78s...............
2024-04-27 16:24:24,960:INFO:Initializing compare_models()
2024-04-27 16:24:24,960:INFO:compare_models(self=<pycaret.regression.oop.RegressionExperiment object at 0x0000015CF32833D0>, include=None, exclude=None, fold=None, round=4, cross_validation=True, sort=R2, n_select=1, budget_time=None, turbo=True, errors=ignore, fit_kwargs=None, groups=None, experiment_custom_tags=None, probability_threshold=None, verbose=True, parallel=None, caller_params={'self': <pycaret.regression.oop.RegressionExperiment object at 0x0000015CF32833D0>, 'include': None, 'exclude': None, 'fold': None, 'round': 4, 'cross_validation': True, 'sort': 'R2', 'n_select': 1, 'budget_time': None, 'turbo': True, 'errors': 'ignore', 'fit_kwargs': None, 'groups': None, 'experiment_custom_tags': None, 'engine': None, 'verbose': True, 'parallel': None, '__class__': <class 'pycaret.regression.oop.RegressionExperiment'>})
2024-04-27 16:24:24,960:INFO:Checking exceptions
2024-04-27 16:24:24,962:INFO:Preparing display monitor
2024-04-27 16:24:24,964:INFO:Initializing Linear Regression
2024-04-27 16:24:24,964:INFO:Total runtime is 0.0 minutes
2024-04-27 16:24:24,964:INFO:SubProcess create_model() called ==================================
2024-04-27 16:24:24,965:INFO:Initializing create_model()
2024-04-27 16:24:24,965:INFO:create_model(self=<pycaret.regression.oop.RegressionExperiment object at 0x0000015CF32833D0>, estimator=lr, fold=KFold(n_splits=10, random_state=None, shuffle=False), round=4, cross_validation=True, predict=True, fit_kwargs={}, groups=None, refit=False, probability_threshold=None, experiment_custom_tags=None, verbose=False, system=False, add_to_model_list=True, metrics=None, display=<pycaret.internal.display.display.CommonDisplay object at 0x0000015CF9428050>, model_only=True, return_train_score=False, error_score=0.0, kwargs={})
2024-04-27 16:24:24,965:INFO:Checking exceptions
2024-04-27 16:24:24,965:INFO:Importing libraries
2024-04-27 16:24:24,965:INFO:Copying training dataset
2024-04-27 16:24:24,968:INFO:Defining folds
2024-04-27 16:24:24,968:INFO:Declaring metric variables
2024-04-27 16:24:24,968:INFO:Importing untrained model
2024-04-27 16:24:24,968:INFO:Linear Regression Imported successfully
2024-04-27 16:24:24,968:INFO:Starting cross validation
2024-04-27 16:24:24,969:INFO:Cross validating with KFold(n_splits=10, random_state=None, shuffle=False), n_jobs=-1
2024-04-27 16:24:25,063:INFO:Calculating mean and std
2024-04-27 16:24:25,064:INFO:Creating metrics dataframe
2024-04-27 16:24:25,067:INFO:Uploading results into container
2024-04-27 16:24:25,067:INFO:Uploading model into container now
2024-04-27 16:24:25,068:INFO:_master_model_container: 1
2024-04-27 16:24:25,068:INFO:_display_container: 2
2024-04-27 16:24:25,068:INFO:LinearRegression(n_jobs=-1)
2024-04-27 16:24:25,068:INFO:create_model() successfully completed......................................
2024-04-27 16:24:25,216:INFO:SubProcess create_model() end ==================================
2024-04-27 16:24:25,217:INFO:Creating metrics dataframe
2024-04-27 16:24:25,220:INFO:Initializing Lasso Regression
2024-04-27 16:24:25,220:INFO:Total runtime is 0.004257516066233317 minutes
2024-04-27 16:24:25,220:INFO:SubProcess create_model() called ==================================
2024-04-27 16:24:25,220:INFO:Initializing create_model()
2024-04-27 16:24:25,220:INFO:create_model(self=<pycaret.regression.oop.RegressionExperiment object at 0x0000015CF32833D0>, estimator=lasso, fold=KFold(n_splits=10, random_state=None, shuffle=False), round=4, cross_validation=True, predict=True, fit_kwargs={}, groups=None, refit=False, probability_threshold=None, experiment_custom_tags=None, verbose=False, system=False, add_to_model_list=True, metrics=None, display=<pycaret.internal.display.display.CommonDisplay object at 0x0000015CF9428050>, model_only=True, return_train_score=False, error_score=0.0, kwargs={})
2024-04-27 16:24:25,220:INFO:Checking exceptions
2024-04-27 16:24:25,220:INFO:Importing libraries
2024-04-27 16:24:25,220:INFO:Copying training dataset
2024-04-27 16:24:25,223:INFO:Defining folds
2024-04-27 16:24:25,223:INFO:Declaring metric variables
2024-04-27 16:24:25,223:INFO:Importing untrained model
2024-04-27 16:24:25,224:INFO:Lasso Regression Imported successfully
2024-04-27 16:24:25,224:INFO:Starting cross validation
2024-04-27 16:24:25,224:INFO:Cross validating with KFold(n_splits=10, random_state=None, shuffle=False), n_jobs=-1
2024-04-27 16:24:25,290:INFO:Calculating mean and std
2024-04-27 16:24:25,290:INFO:Creating metrics dataframe
2024-04-27 16:24:25,295:INFO:Uploading results into container
2024-04-27 16:24:25,296:INFO:Uploading model into container now
2024-04-27 16:24:25,297:INFO:_master_model_container: 2
2024-04-27 16:24:25,297:INFO:_display_container: 2
2024-04-27 16:24:25,297:INFO:Lasso(random_state=8985)
2024-04-27 16:24:25,298:INFO:create_model() successfully completed......................................
2024-04-27 16:24:25,464:INFO:SubProcess create_model() end ==================================
2024-04-27 16:24:25,465:INFO:Creating metrics dataframe
2024-04-27 16:24:25,471:INFO:Initializing Ridge Regression
2024-04-27 16:24:25,471:INFO:Total runtime is 0.008447806040445963 minutes
2024-04-27 16:24:25,472:INFO:SubProcess create_model() called ==================================
2024-04-27 16:24:25,473:INFO:Initializing create_model()
2024-04-27 16:24:25,473:INFO:create_model(self=<pycaret.regression.oop.RegressionExperiment object at 0x0000015CF32833D0>, estimator=ridge, fold=KFold(n_splits=10, random_state=None, shuffle=False), round=4, cross_validation=True, predict=True, fit_kwargs={}, groups=None, refit=False, probability_threshold=None, experiment_custom_tags=None, verbose=False, system=False, add_to_model_list=True, metrics=None, display=<pycaret.internal.display.display.CommonDisplay object at 0x0000015CF9428050>, model_only=True, return_train_score=False, error_score=0.0, kwargs={})
2024-04-27 16:24:25,473:INFO:Checking exceptions
2024-04-27 16:24:25,473:INFO:Importing libraries
2024-04-27 16:24:25,473:INFO:Copying training dataset
2024-04-27 16:24:25,477:INFO:Defining folds
2024-04-27 16:24:25,477:INFO:Declaring metric variables
2024-04-27 16:24:25,478:INFO:Importing untrained model
2024-04-27 16:24:25,478:INFO:Ridge Regression Imported successfully
2024-04-27 16:24:25,479:INFO:Starting cross validation
2024-04-27 16:24:25,480:INFO:Cross validating with KFold(n_splits=10, random_state=None, shuffle=False), n_jobs=-1
2024-04-27 16:24:25,557:INFO:Calculating mean and std
2024-04-27 16:24:25,558:INFO:Creating metrics dataframe
2024-04-27 16:24:25,561:INFO:Uploading results into container
2024-04-27 16:24:25,561:INFO:Uploading model into container now
2024-04-27 16:24:25,562:INFO:_master_model_container: 3
2024-04-27 16:24:25,562:INFO:_display_container: 2
2024-04-27 16:24:25,562:INFO:Ridge(random_state=8985)
2024-04-27 16:24:25,562:INFO:create_model() successfully completed......................................
2024-04-27 16:24:25,711:INFO:SubProcess create_model() end ==================================
2024-04-27 16:24:25,711:INFO:Creating metrics dataframe
2024-04-27 16:24:25,715:INFO:Initializing Elastic Net
2024-04-27 16:24:25,716:INFO:Total runtime is 0.012522025903066 minutes
2024-04-27 16:24:25,716:INFO:SubProcess create_model() called ==================================
2024-04-27 16:24:25,716:INFO:Initializing create_model()
2024-04-27 16:24:25,716:INFO:create_model(self=<pycaret.regression.oop.RegressionExperiment object at 0x0000015CF32833D0>, estimator=en, fold=KFold(n_splits=10, random_state=None, shuffle=False), round=4, cross_validation=True, predict=True, fit_kwargs={}, groups=None, refit=False, probability_threshold=None, experiment_custom_tags=None, verbose=False, system=False, add_to_model_list=True, metrics=None, display=<pycaret.internal.display.display.CommonDisplay object at 0x0000015CF9428050>, model_only=True, return_train_score=False, error_score=0.0, kwargs={})
2024-04-27 16:24:25,716:INFO:Checking exceptions
2024-04-27 16:24:25,716:INFO:Importing libraries
2024-04-27 16:24:25,716:INFO:Copying training dataset
2024-04-27 16:24:25,718:INFO:Defining folds
2024-04-27 16:24:25,718:INFO:Declaring metric variables
2024-04-27 16:24:25,718:INFO:Importing untrained model
2024-04-27 16:24:25,718:INFO:Elastic Net Imported successfully
2024-04-27 16:24:25,719:INFO:Starting cross validation
2024-04-27 16:24:25,720:INFO:Cross validating with KFold(n_splits=10, random_state=None, shuffle=False), n_jobs=-1
2024-04-27 16:24:25,806:INFO:Calculating mean and std
2024-04-27 16:24:25,807:INFO:Creating metrics dataframe
2024-04-27 16:24:25,810:INFO:Uploading results into container
2024-04-27 16:24:25,810:INFO:Uploading model into container now
2024-04-27 16:24:25,811:INFO:_master_model_container: 4
2024-04-27 16:24:25,811:INFO:_display_container: 2
2024-04-27 16:24:25,811:INFO:ElasticNet(random_state=8985)
2024-04-27 16:24:25,811:INFO:create_model() successfully completed......................................
2024-04-27 16:24:25,951:INFO:SubProcess create_model() end ==================================
2024-04-27 16:24:25,951:INFO:Creating metrics dataframe
2024-04-27 16:24:25,956:INFO:Initializing Least Angle Regression
2024-04-27 16:24:25,956:INFO:Total runtime is 0.016531991958618163 minutes
2024-04-27 16:24:25,956:INFO:SubProcess create_model() called ==================================
2024-04-27 16:24:25,957:INFO:Initializing create_model()
2024-04-27 16:24:25,957:INFO:create_model(self=<pycaret.regression.oop.RegressionExperiment object at 0x0000015CF32833D0>, estimator=lar, fold=KFold(n_splits=10, random_state=None, shuffle=False), round=4, cross_validation=True, predict=True, fit_kwargs={}, groups=None, refit=False, probability_threshold=None, experiment_custom_tags=None, verbose=False, system=False, add_to_model_list=True, metrics=None, display=<pycaret.internal.display.display.CommonDisplay object at 0x0000015CF9428050>, model_only=True, return_train_score=False, error_score=0.0, kwargs={})
2024-04-27 16:24:25,957:INFO:Checking exceptions
2024-04-27 16:24:25,957:INFO:Importing libraries
2024-04-27 16:24:25,957:INFO:Copying training dataset
2024-04-27 16:24:25,960:INFO:Defining folds
2024-04-27 16:24:25,960:INFO:Declaring metric variables
2024-04-27 16:24:25,960:INFO:Importing untrained model
2024-04-27 16:24:25,960:INFO:Least Angle Regression Imported successfully
2024-04-27 16:24:25,961:INFO:Starting cross validation
2024-04-27 16:24:25,961:INFO:Cross validating with KFold(n_splits=10, random_state=None, shuffle=False), n_jobs=-1
2024-04-27 16:24:26,035:INFO:Calculating mean and std
2024-04-27 16:24:26,035:INFO:Creating metrics dataframe
2024-04-27 16:24:26,039:INFO:Uploading results into container
2024-04-27 16:24:26,040:INFO:Uploading model into container now
2024-04-27 16:24:26,041:INFO:_master_model_container: 5
2024-04-27 16:24:26,041:INFO:_display_container: 2
2024-04-27 16:24:26,041:INFO:Lars(random_state=8985)
2024-04-27 16:24:26,041:INFO:create_model() successfully completed......................................
2024-04-27 16:24:26,187:INFO:SubProcess create_model() end ==================================
2024-04-27 16:24:26,188:INFO:Creating metrics dataframe
2024-04-27 16:24:26,193:INFO:Initializing Lasso Least Angle Regression
2024-04-27 16:24:26,193:INFO:Total runtime is 0.020477946599324545 minutes
2024-04-27 16:24:26,193:INFO:SubProcess create_model() called ==================================
2024-04-27 16:24:26,194:INFO:Initializing create_model()
2024-04-27 16:24:26,194:INFO:create_model(self=<pycaret.regression.oop.RegressionExperiment object at 0x0000015CF32833D0>, estimator=llar, fold=KFold(n_splits=10, random_state=None, shuffle=False), round=4, cross_validation=True, predict=True, fit_kwargs={}, groups=None, refit=False, probability_threshold=None, experiment_custom_tags=None, verbose=False, system=False, add_to_model_list=True, metrics=None, display=<pycaret.internal.display.display.CommonDisplay object at 0x0000015CF9428050>, model_only=True, return_train_score=False, error_score=0.0, kwargs={})
2024-04-27 16:24:26,194:INFO:Checking exceptions
2024-04-27 16:24:26,194:INFO:Importing libraries
2024-04-27 16:24:26,194:INFO:Copying training dataset
2024-04-27 16:24:26,197:INFO:Defining folds
2024-04-27 16:24:26,197:INFO:Declaring metric variables
2024-04-27 16:24:26,197:INFO:Importing untrained model
2024-04-27 16:24:26,198:INFO:Lasso Least Angle Regression Imported successfully
2024-04-27 16:24:26,198:INFO:Starting cross validation
2024-04-27 16:24:26,199:INFO:Cross validating with KFold(n_splits=10, random_state=None, shuffle=False), n_jobs=-1
2024-04-27 16:24:26,266:INFO:Calculating mean and std
2024-04-27 16:24:26,266:INFO:Creating metrics dataframe
2024-04-27 16:24:26,269:INFO:Uploading results into container
2024-04-27 16:24:26,269:INFO:Uploading model into container now
2024-04-27 16:24:26,270:INFO:_master_model_container: 6
2024-04-27 16:24:26,270:INFO:_display_container: 2
2024-04-27 16:24:26,270:INFO:LassoLars(random_state=8985)
2024-04-27 16:24:26,270:INFO:create_model() successfully completed......................................
2024-04-27 16:24:26,417:INFO:SubProcess create_model() end ==================================
2024-04-27 16:24:26,417:INFO:Creating metrics dataframe
2024-04-27 16:24:26,421:INFO:Initializing Orthogonal Matching Pursuit
2024-04-27 16:24:26,421:INFO:Total runtime is 0.024272163709004722 minutes
2024-04-27 16:24:26,421:INFO:SubProcess create_model() called ==================================
2024-04-27 16:24:26,421:INFO:Initializing create_model()
2024-04-27 16:24:26,422:INFO:create_model(self=<pycaret.regression.oop.RegressionExperiment object at 0x0000015CF32833D0>, estimator=omp, fold=KFold(n_splits=10, random_state=None, shuffle=False), round=4, cross_validation=True, predict=True, fit_kwargs={}, groups=None, refit=False, probability_threshold=None, experiment_custom_tags=None, verbose=False, system=False, add_to_model_list=True, metrics=None, display=<pycaret.internal.display.display.CommonDisplay object at 0x0000015CF9428050>, model_only=True, return_train_score=False, error_score=0.0, kwargs={})
2024-04-27 16:24:26,422:INFO:Checking exceptions
2024-04-27 16:24:26,422:INFO:Importing libraries
2024-04-27 16:24:26,422:INFO:Copying training dataset
2024-04-27 16:24:26,424:INFO:Defining folds
2024-04-27 16:24:26,424:INFO:Declaring metric variables
2024-04-27 16:24:26,424:INFO:Importing untrained model
2024-04-27 16:24:26,424:INFO:Orthogonal Matching Pursuit Imported successfully
2024-04-27 16:24:26,424:INFO:Starting cross validation
2024-04-27 16:24:26,425:INFO:Cross validating with KFold(n_splits=10, random_state=None, shuffle=False), n_jobs=-1
2024-04-27 16:24:26,499:INFO:Calculating mean and std
2024-04-27 16:24:26,500:INFO:Creating metrics dataframe
2024-04-27 16:24:26,503:INFO:Uploading results into container
2024-04-27 16:24:26,504:INFO:Uploading model into container now
2024-04-27 16:24:26,504:INFO:_master_model_container: 7
2024-04-27 16:24:26,504:INFO:_display_container: 2
2024-04-27 16:24:26,505:INFO:OrthogonalMatchingPursuit()
2024-04-27 16:24:26,505:INFO:create_model() successfully completed......................................
2024-04-27 16:24:26,657:INFO:SubProcess create_model() end ==================================
2024-04-27 16:24:26,658:INFO:Creating metrics dataframe
2024-04-27 16:24:26,662:INFO:Initializing Bayesian Ridge
2024-04-27 16:24:26,662:INFO:Total runtime is 0.0282917062441508 minutes
2024-04-27 16:24:26,662:INFO:SubProcess create_model() called ==================================
2024-04-27 16:24:26,662:INFO:Initializing create_model()
2024-04-27 16:24:26,662:INFO:create_model(self=<pycaret.regression.oop.RegressionExperiment object at 0x0000015CF32833D0>, estimator=br, fold=KFold(n_splits=10, random_state=None, shuffle=False), round=4, cross_validation=True, predict=True, fit_kwargs={}, groups=None, refit=False, probability_threshold=None, experiment_custom_tags=None, verbose=False, system=False, add_to_model_list=True, metrics=None, display=<pycaret.internal.display.display.CommonDisplay object at 0x0000015CF9428050>, model_only=True, return_train_score=False, error_score=0.0, kwargs={})
2024-04-27 16:24:26,662:INFO:Checking exceptions
2024-04-27 16:24:26,662:INFO:Importing libraries
2024-04-27 16:24:26,662:INFO:Copying training dataset
2024-04-27 16:24:26,664:INFO:Defining folds
2024-04-27 16:24:26,664:INFO:Declaring metric variables
2024-04-27 16:24:26,664:INFO:Importing untrained model
2024-04-27 16:24:26,665:INFO:Bayesian Ridge Imported successfully
2024-04-27 16:24:26,665:INFO:Starting cross validation
2024-04-27 16:24:26,667:INFO:Cross validating with KFold(n_splits=10, random_state=None, shuffle=False), n_jobs=-1
2024-04-27 16:24:26,751:INFO:Calculating mean and std
2024-04-27 16:24:26,751:INFO:Creating metrics dataframe
2024-04-27 16:24:26,754:INFO:Uploading results into container
2024-04-27 16:24:26,755:INFO:Uploading model into container now
2024-04-27 16:24:26,755:INFO:_master_model_container: 8
2024-04-27 16:24:26,755:INFO:_display_container: 2
2024-04-27 16:24:26,755:INFO:BayesianRidge()
2024-04-27 16:24:26,755:INFO:create_model() successfully completed......................................
2024-04-27 16:24:26,897:INFO:SubProcess create_model() end ==================================
2024-04-27 16:24:26,898:INFO:Creating metrics dataframe
2024-04-27 16:24:26,903:INFO:Initializing Passive Aggressive Regressor
2024-04-27 16:24:26,904:INFO:Total runtime is 0.032329646746317546 minutes
2024-04-27 16:24:26,904:INFO:SubProcess create_model() called ==================================
2024-04-27 16:24:26,904:INFO:Initializing create_model()
2024-04-27 16:24:26,904:INFO:create_model(self=<pycaret.regression.oop.RegressionExperiment object at 0x0000015CF32833D0>, estimator=par, fold=KFold(n_splits=10, random_state=None, shuffle=False), round=4, cross_validation=True, predict=True, fit_kwargs={}, groups=None, refit=False, probability_threshold=None, experiment_custom_tags=None, verbose=False, system=False, add_to_model_list=True, metrics=None, display=<pycaret.internal.display.display.CommonDisplay object at 0x0000015CF9428050>, model_only=True, return_train_score=False, error_score=0.0, kwargs={})
2024-04-27 16:24:26,904:INFO:Checking exceptions
2024-04-27 16:24:26,904:INFO:Importing libraries
2024-04-27 16:24:26,904:INFO:Copying training dataset
2024-04-27 16:24:26,909:INFO:Defining folds
2024-04-27 16:24:26,909:INFO:Declaring metric variables
2024-04-27 16:24:26,909:INFO:Importing untrained model
2024-04-27 16:24:26,910:INFO:Passive Aggressive Regressor Imported successfully
2024-04-27 16:24:26,910:INFO:Starting cross validation
2024-04-27 16:24:26,910:INFO:Cross validating with KFold(n_splits=10, random_state=None, shuffle=False), n_jobs=-1
2024-04-27 16:24:26,979:INFO:Calculating mean and std
2024-04-27 16:24:26,980:INFO:Creating metrics dataframe
2024-04-27 16:24:26,982:INFO:Uploading results into container
2024-04-27 16:24:26,983:INFO:Uploading model into container now
2024-04-27 16:24:26,983:INFO:_master_model_container: 9
2024-04-27 16:24:26,983:INFO:_display_container: 2
2024-04-27 16:24:26,983:INFO:PassiveAggressiveRegressor(random_state=8985)
2024-04-27 16:24:26,983:INFO:create_model() successfully completed......................................
2024-04-27 16:24:27,127:INFO:SubProcess create_model() end ==================================
2024-04-27 16:24:27,128:INFO:Creating metrics dataframe
2024-04-27 16:24:27,132:INFO:Initializing Huber Regressor
2024-04-27 16:24:27,132:INFO:Total runtime is 0.0361263116200765 minutes
2024-04-27 16:24:27,132:INFO:SubProcess create_model() called ==================================
2024-04-27 16:24:27,133:INFO:Initializing create_model()
2024-04-27 16:24:27,133:INFO:create_model(self=<pycaret.regression.oop.RegressionExperiment object at 0x0000015CF32833D0>, estimator=huber, fold=KFold(n_splits=10, random_state=None, shuffle=False), round=4, cross_validation=True, predict=True, fit_kwargs={}, groups=None, refit=False, probability_threshold=None, experiment_custom_tags=None, verbose=False, system=False, add_to_model_list=True, metrics=None, display=<pycaret.internal.display.display.CommonDisplay object at 0x0000015CF9428050>, model_only=True, return_train_score=False, error_score=0.0, kwargs={})
2024-04-27 16:24:27,133:INFO:Checking exceptions
2024-04-27 16:24:27,133:INFO:Importing libraries
2024-04-27 16:24:27,133:INFO:Copying training dataset
2024-04-27 16:24:27,136:INFO:Defining folds
2024-04-27 16:24:27,136:INFO:Declaring metric variables
2024-04-27 16:24:27,136:INFO:Importing untrained model
2024-04-27 16:24:27,136:INFO:Huber Regressor Imported successfully
2024-04-27 16:24:27,136:INFO:Starting cross validation
2024-04-27 16:24:27,137:INFO:Cross validating with KFold(n_splits=10, random_state=None, shuffle=False), n_jobs=-1
2024-04-27 16:24:27,180:WARNING:C:\Users\KIIT\AppData\Local\Programs\Python\Python311\Lib\site-packages\sklearn\linear_model\_huber.py:342: ConvergenceWarning: lbfgs failed to converge (status=1):
STOP: TOTAL NO. of ITERATIONS REACHED LIMIT.

Increase the number of iterations (max_iter) or scale the data as shown in:
    https://scikit-learn.org/stable/modules/preprocessing.html
  self.n_iter_ = _check_optimize_result("lbfgs", opt_res, self.max_iter)

2024-04-27 16:24:27,188:WARNING:C:\Users\KIIT\AppData\Local\Programs\Python\Python311\Lib\site-packages\sklearn\linear_model\_huber.py:342: ConvergenceWarning: lbfgs failed to converge (status=1):
STOP: TOTAL NO. of ITERATIONS REACHED LIMIT.

Increase the number of iterations (max_iter) or scale the data as shown in:
    https://scikit-learn.org/stable/modules/preprocessing.html
  self.n_iter_ = _check_optimize_result("lbfgs", opt_res, self.max_iter)

2024-04-27 16:24:27,200:WARNING:C:\Users\KIIT\AppData\Local\Programs\Python\Python311\Lib\site-packages\sklearn\linear_model\_huber.py:342: ConvergenceWarning: lbfgs failed to converge (status=1):
STOP: TOTAL NO. of ITERATIONS REACHED LIMIT.

Increase the number of iterations (max_iter) or scale the data as shown in:
    https://scikit-learn.org/stable/modules/preprocessing.html
  self.n_iter_ = _check_optimize_result("lbfgs", opt_res, self.max_iter)

2024-04-27 16:24:27,208:WARNING:C:\Users\KIIT\AppData\Local\Programs\Python\Python311\Lib\site-packages\sklearn\linear_model\_huber.py:342: ConvergenceWarning: lbfgs failed to converge (status=1):
STOP: TOTAL NO. of ITERATIONS REACHED LIMIT.

Increase the number of iterations (max_iter) or scale the data as shown in:
    https://scikit-learn.org/stable/modules/preprocessing.html
  self.n_iter_ = _check_optimize_result("lbfgs", opt_res, self.max_iter)

2024-04-27 16:24:27,208:WARNING:C:\Users\KIIT\AppData\Local\Programs\Python\Python311\Lib\site-packages\sklearn\linear_model\_huber.py:342: ConvergenceWarning: lbfgs failed to converge (status=1):
STOP: TOTAL NO. of ITERATIONS REACHED LIMIT.

Increase the number of iterations (max_iter) or scale the data as shown in:
    https://scikit-learn.org/stable/modules/preprocessing.html
  self.n_iter_ = _check_optimize_result("lbfgs", opt_res, self.max_iter)

2024-04-27 16:24:27,210:WARNING:C:\Users\KIIT\AppData\Local\Programs\Python\Python311\Lib\site-packages\sklearn\linear_model\_huber.py:342: ConvergenceWarning: lbfgs failed to converge (status=1):
STOP: TOTAL NO. of ITERATIONS REACHED LIMIT.

Increase the number of iterations (max_iter) or scale the data as shown in:
    https://scikit-learn.org/stable/modules/preprocessing.html
  self.n_iter_ = _check_optimize_result("lbfgs", opt_res, self.max_iter)

2024-04-27 16:24:27,225:WARNING:C:\Users\KIIT\AppData\Local\Programs\Python\Python311\Lib\site-packages\sklearn\linear_model\_huber.py:342: ConvergenceWarning: lbfgs failed to converge (status=1):
STOP: TOTAL NO. of ITERATIONS REACHED LIMIT.

Increase the number of iterations (max_iter) or scale the data as shown in:
    https://scikit-learn.org/stable/modules/preprocessing.html
  self.n_iter_ = _check_optimize_result("lbfgs", opt_res, self.max_iter)

2024-04-27 16:24:27,240:WARNING:C:\Users\KIIT\AppData\Local\Programs\Python\Python311\Lib\site-packages\sklearn\linear_model\_huber.py:342: ConvergenceWarning: lbfgs failed to converge (status=1):
STOP: TOTAL NO. of ITERATIONS REACHED LIMIT.

Increase the number of iterations (max_iter) or scale the data as shown in:
    https://scikit-learn.org/stable/modules/preprocessing.html
  self.n_iter_ = _check_optimize_result("lbfgs", opt_res, self.max_iter)

2024-04-27 16:24:27,246:WARNING:C:\Users\KIIT\AppData\Local\Programs\Python\Python311\Lib\site-packages\sklearn\linear_model\_huber.py:342: ConvergenceWarning: lbfgs failed to converge (status=1):
STOP: TOTAL NO. of ITERATIONS REACHED LIMIT.

Increase the number of iterations (max_iter) or scale the data as shown in:
    https://scikit-learn.org/stable/modules/preprocessing.html
  self.n_iter_ = _check_optimize_result("lbfgs", opt_res, self.max_iter)

2024-04-27 16:24:27,261:INFO:Calculating mean and std
2024-04-27 16:24:27,262:INFO:Creating metrics dataframe
2024-04-27 16:24:27,265:INFO:Uploading results into container
2024-04-27 16:24:27,265:INFO:Uploading model into container now
2024-04-27 16:24:27,266:INFO:_master_model_container: 10
2024-04-27 16:24:27,266:INFO:_display_container: 2
2024-04-27 16:24:27,266:INFO:HuberRegressor()
2024-04-27 16:24:27,266:INFO:create_model() successfully completed......................................
2024-04-27 16:24:27,411:INFO:SubProcess create_model() end ==================================
2024-04-27 16:24:27,411:INFO:Creating metrics dataframe
2024-04-27 16:24:27,416:INFO:Initializing K Neighbors Regressor
2024-04-27 16:24:27,416:INFO:Total runtime is 0.04086575110753377 minutes
2024-04-27 16:24:27,416:INFO:SubProcess create_model() called ==================================
2024-04-27 16:24:27,417:INFO:Initializing create_model()
2024-04-27 16:24:27,417:INFO:create_model(self=<pycaret.regression.oop.RegressionExperiment object at 0x0000015CF32833D0>, estimator=knn, fold=KFold(n_splits=10, random_state=None, shuffle=False), round=4, cross_validation=True, predict=True, fit_kwargs={}, groups=None, refit=False, probability_threshold=None, experiment_custom_tags=None, verbose=False, system=False, add_to_model_list=True, metrics=None, display=<pycaret.internal.display.display.CommonDisplay object at 0x0000015CF9428050>, model_only=True, return_train_score=False, error_score=0.0, kwargs={})
2024-04-27 16:24:27,417:INFO:Checking exceptions
2024-04-27 16:24:27,417:INFO:Importing libraries
2024-04-27 16:24:27,417:INFO:Copying training dataset
2024-04-27 16:24:27,419:INFO:Defining folds
2024-04-27 16:24:27,419:INFO:Declaring metric variables
2024-04-27 16:24:27,420:INFO:Importing untrained model
2024-04-27 16:24:27,420:INFO:K Neighbors Regressor Imported successfully
2024-04-27 16:24:27,420:INFO:Starting cross validation
2024-04-27 16:24:27,420:INFO:Cross validating with KFold(n_splits=10, random_state=None, shuffle=False), n_jobs=-1
2024-04-27 16:24:27,541:INFO:Calculating mean and std
2024-04-27 16:24:27,542:INFO:Creating metrics dataframe
2024-04-27 16:24:27,544:INFO:Uploading results into container
2024-04-27 16:24:27,545:INFO:Uploading model into container now
2024-04-27 16:24:27,545:INFO:_master_model_container: 11
2024-04-27 16:24:27,545:INFO:_display_container: 2
2024-04-27 16:24:27,545:INFO:KNeighborsRegressor(n_jobs=-1)
2024-04-27 16:24:27,545:INFO:create_model() successfully completed......................................
2024-04-27 16:24:27,695:INFO:SubProcess create_model() end ==================================
2024-04-27 16:24:27,696:INFO:Creating metrics dataframe
2024-04-27 16:24:27,700:INFO:Initializing Decision Tree Regressor
2024-04-27 16:24:27,700:INFO:Total runtime is 0.045596969127655027 minutes
2024-04-27 16:24:27,701:INFO:SubProcess create_model() called ==================================
2024-04-27 16:24:27,701:INFO:Initializing create_model()
2024-04-27 16:24:27,701:INFO:create_model(self=<pycaret.regression.oop.RegressionExperiment object at 0x0000015CF32833D0>, estimator=dt, fold=KFold(n_splits=10, random_state=None, shuffle=False), round=4, cross_validation=True, predict=True, fit_kwargs={}, groups=None, refit=False, probability_threshold=None, experiment_custom_tags=None, verbose=False, system=False, add_to_model_list=True, metrics=None, display=<pycaret.internal.display.display.CommonDisplay object at 0x0000015CF9428050>, model_only=True, return_train_score=False, error_score=0.0, kwargs={})
2024-04-27 16:24:27,701:INFO:Checking exceptions
2024-04-27 16:24:27,701:INFO:Importing libraries
2024-04-27 16:24:27,701:INFO:Copying training dataset
2024-04-27 16:24:27,703:INFO:Defining folds
2024-04-27 16:24:27,704:INFO:Declaring metric variables
2024-04-27 16:24:27,704:INFO:Importing untrained model
2024-04-27 16:24:27,704:INFO:Decision Tree Regressor Imported successfully
2024-04-27 16:24:27,704:INFO:Starting cross validation
2024-04-27 16:24:27,705:INFO:Cross validating with KFold(n_splits=10, random_state=None, shuffle=False), n_jobs=-1
2024-04-27 16:24:27,787:INFO:Calculating mean and std
2024-04-27 16:24:27,787:INFO:Creating metrics dataframe
2024-04-27 16:24:27,789:INFO:Uploading results into container
2024-04-27 16:24:27,790:INFO:Uploading model into container now
2024-04-27 16:24:27,790:INFO:_master_model_container: 12
2024-04-27 16:24:27,790:INFO:_display_container: 2
2024-04-27 16:24:27,790:INFO:DecisionTreeRegressor(random_state=8985)
2024-04-27 16:24:27,790:INFO:create_model() successfully completed......................................
2024-04-27 16:24:27,933:INFO:SubProcess create_model() end ==================================
2024-04-27 16:24:27,933:INFO:Creating metrics dataframe
2024-04-27 16:24:27,937:INFO:Initializing Random Forest Regressor
2024-04-27 16:24:27,937:INFO:Total runtime is 0.04955099026362101 minutes
2024-04-27 16:24:27,937:INFO:SubProcess create_model() called ==================================
2024-04-27 16:24:27,937:INFO:Initializing create_model()
2024-04-27 16:24:27,937:INFO:create_model(self=<pycaret.regression.oop.RegressionExperiment object at 0x0000015CF32833D0>, estimator=rf, fold=KFold(n_splits=10, random_state=None, shuffle=False), round=4, cross_validation=True, predict=True, fit_kwargs={}, groups=None, refit=False, probability_threshold=None, experiment_custom_tags=None, verbose=False, system=False, add_to_model_list=True, metrics=None, display=<pycaret.internal.display.display.CommonDisplay object at 0x0000015CF9428050>, model_only=True, return_train_score=False, error_score=0.0, kwargs={})
2024-04-27 16:24:27,937:INFO:Checking exceptions
2024-04-27 16:24:27,938:INFO:Importing libraries
2024-04-27 16:24:27,938:INFO:Copying training dataset
2024-04-27 16:24:27,940:INFO:Defining folds
2024-04-27 16:24:27,940:INFO:Declaring metric variables
2024-04-27 16:24:27,940:INFO:Importing untrained model
2024-04-27 16:24:27,941:INFO:Random Forest Regressor Imported successfully
2024-04-27 16:24:27,941:INFO:Starting cross validation
2024-04-27 16:24:27,941:INFO:Cross validating with KFold(n_splits=10, random_state=None, shuffle=False), n_jobs=-1
2024-04-27 16:24:28,579:INFO:Calculating mean and std
2024-04-27 16:24:28,580:INFO:Creating metrics dataframe
2024-04-27 16:24:28,584:INFO:Uploading results into container
2024-04-27 16:24:28,585:INFO:Uploading model into container now
2024-04-27 16:24:28,585:INFO:_master_model_container: 13
2024-04-27 16:24:28,585:INFO:_display_container: 2
2024-04-27 16:24:28,586:INFO:RandomForestRegressor(n_jobs=-1, random_state=8985)
2024-04-27 16:24:28,586:INFO:create_model() successfully completed......................................
2024-04-27 16:24:28,751:INFO:SubProcess create_model() end ==================================
2024-04-27 16:24:28,752:INFO:Creating metrics dataframe
2024-04-27 16:24:28,756:INFO:Initializing Extra Trees Regressor
2024-04-27 16:24:28,756:INFO:Total runtime is 0.06320133209228515 minutes
2024-04-27 16:24:28,757:INFO:SubProcess create_model() called ==================================
2024-04-27 16:24:28,757:INFO:Initializing create_model()
2024-04-27 16:24:28,757:INFO:create_model(self=<pycaret.regression.oop.RegressionExperiment object at 0x0000015CF32833D0>, estimator=et, fold=KFold(n_splits=10, random_state=None, shuffle=False), round=4, cross_validation=True, predict=True, fit_kwargs={}, groups=None, refit=False, probability_threshold=None, experiment_custom_tags=None, verbose=False, system=False, add_to_model_list=True, metrics=None, display=<pycaret.internal.display.display.CommonDisplay object at 0x0000015CF9428050>, model_only=True, return_train_score=False, error_score=0.0, kwargs={})
2024-04-27 16:24:28,757:INFO:Checking exceptions
2024-04-27 16:24:28,757:INFO:Importing libraries
2024-04-27 16:24:28,757:INFO:Copying training dataset
2024-04-27 16:24:28,760:INFO:Defining folds
2024-04-27 16:24:28,760:INFO:Declaring metric variables
2024-04-27 16:24:28,760:INFO:Importing untrained model
2024-04-27 16:24:28,761:INFO:Extra Trees Regressor Imported successfully
2024-04-27 16:24:28,761:INFO:Starting cross validation
2024-04-27 16:24:28,762:INFO:Cross validating with KFold(n_splits=10, random_state=None, shuffle=False), n_jobs=-1
2024-04-27 16:24:29,193:INFO:Calculating mean and std
2024-04-27 16:24:29,194:INFO:Creating metrics dataframe
2024-04-27 16:24:29,200:INFO:Uploading results into container
2024-04-27 16:24:29,201:INFO:Uploading model into container now
2024-04-27 16:24:29,201:INFO:_master_model_container: 14
2024-04-27 16:24:29,201:INFO:_display_container: 2
2024-04-27 16:24:29,201:INFO:ExtraTreesRegressor(n_jobs=-1, random_state=8985)
2024-04-27 16:24:29,202:INFO:create_model() successfully completed......................................
2024-04-27 16:24:29,365:INFO:SubProcess create_model() end ==================================
2024-04-27 16:24:29,365:INFO:Creating metrics dataframe
2024-04-27 16:24:29,369:INFO:Initializing AdaBoost Regressor
2024-04-27 16:24:29,369:INFO:Total runtime is 0.07341490586598713 minutes
2024-04-27 16:24:29,369:INFO:SubProcess create_model() called ==================================
2024-04-27 16:24:29,371:INFO:Initializing create_model()
2024-04-27 16:24:29,371:INFO:create_model(self=<pycaret.regression.oop.RegressionExperiment object at 0x0000015CF32833D0>, estimator=ada, fold=KFold(n_splits=10, random_state=None, shuffle=False), round=4, cross_validation=True, predict=True, fit_kwargs={}, groups=None, refit=False, probability_threshold=None, experiment_custom_tags=None, verbose=False, system=False, add_to_model_list=True, metrics=None, display=<pycaret.internal.display.display.CommonDisplay object at 0x0000015CF9428050>, model_only=True, return_train_score=False, error_score=0.0, kwargs={})
2024-04-27 16:24:29,371:INFO:Checking exceptions
2024-04-27 16:24:29,371:INFO:Importing libraries
2024-04-27 16:24:29,371:INFO:Copying training dataset
2024-04-27 16:24:29,373:INFO:Defining folds
2024-04-27 16:24:29,373:INFO:Declaring metric variables
2024-04-27 16:24:29,373:INFO:Importing untrained model
2024-04-27 16:24:29,373:INFO:AdaBoost Regressor Imported successfully
2024-04-27 16:24:29,373:INFO:Starting cross validation
2024-04-27 16:24:29,374:INFO:Cross validating with KFold(n_splits=10, random_state=None, shuffle=False), n_jobs=-1
2024-04-27 16:24:29,580:INFO:Calculating mean and std
2024-04-27 16:24:29,582:INFO:Creating metrics dataframe
2024-04-27 16:24:29,585:INFO:Uploading results into container
2024-04-27 16:24:29,585:INFO:Uploading model into container now
2024-04-27 16:24:29,585:INFO:_master_model_container: 15
2024-04-27 16:24:29,585:INFO:_display_container: 2
2024-04-27 16:24:29,585:INFO:AdaBoostRegressor(random_state=8985)
2024-04-27 16:24:29,585:INFO:create_model() successfully completed......................................
2024-04-27 16:24:29,728:INFO:SubProcess create_model() end ==================================
2024-04-27 16:24:29,728:INFO:Creating metrics dataframe
2024-04-27 16:24:29,732:INFO:Initializing Gradient Boosting Regressor
2024-04-27 16:24:29,732:INFO:Total runtime is 0.07946575482686359 minutes
2024-04-27 16:24:29,732:INFO:SubProcess create_model() called ==================================
2024-04-27 16:24:29,732:INFO:Initializing create_model()
2024-04-27 16:24:29,732:INFO:create_model(self=<pycaret.regression.oop.RegressionExperiment object at 0x0000015CF32833D0>, estimator=gbr, fold=KFold(n_splits=10, random_state=None, shuffle=False), round=4, cross_validation=True, predict=True, fit_kwargs={}, groups=None, refit=False, probability_threshold=None, experiment_custom_tags=None, verbose=False, system=False, add_to_model_list=True, metrics=None, display=<pycaret.internal.display.display.CommonDisplay object at 0x0000015CF9428050>, model_only=True, return_train_score=False, error_score=0.0, kwargs={})
2024-04-27 16:24:29,732:INFO:Checking exceptions
2024-04-27 16:24:29,732:INFO:Importing libraries
2024-04-27 16:24:29,732:INFO:Copying training dataset
2024-04-27 16:24:29,735:INFO:Defining folds
2024-04-27 16:24:29,735:INFO:Declaring metric variables
2024-04-27 16:24:29,735:INFO:Importing untrained model
2024-04-27 16:24:29,735:INFO:Gradient Boosting Regressor Imported successfully
2024-04-27 16:24:29,735:INFO:Starting cross validation
2024-04-27 16:24:29,736:INFO:Cross validating with KFold(n_splits=10, random_state=None, shuffle=False), n_jobs=-1
2024-04-27 16:24:30,009:INFO:Calculating mean and std
2024-04-27 16:24:30,011:INFO:Creating metrics dataframe
2024-04-27 16:24:30,014:INFO:Uploading results into container
2024-04-27 16:24:30,014:INFO:Uploading model into container now
2024-04-27 16:24:30,014:INFO:_master_model_container: 16
2024-04-27 16:24:30,014:INFO:_display_container: 2
2024-04-27 16:24:30,015:INFO:GradientBoostingRegressor(random_state=8985)
2024-04-27 16:24:30,015:INFO:create_model() successfully completed......................................
2024-04-27 16:24:30,160:INFO:SubProcess create_model() end ==================================
2024-04-27 16:24:30,160:INFO:Creating metrics dataframe
2024-04-27 16:24:30,163:INFO:Initializing Extreme Gradient Boosting
2024-04-27 16:24:30,163:INFO:Total runtime is 0.08664631843566893 minutes
2024-04-27 16:24:30,163:INFO:SubProcess create_model() called ==================================
2024-04-27 16:24:30,164:INFO:Initializing create_model()
2024-04-27 16:24:30,164:INFO:create_model(self=<pycaret.regression.oop.RegressionExperiment object at 0x0000015CF32833D0>, estimator=xgboost, fold=KFold(n_splits=10, random_state=None, shuffle=False), round=4, cross_validation=True, predict=True, fit_kwargs={}, groups=None, refit=False, probability_threshold=None, experiment_custom_tags=None, verbose=False, system=False, add_to_model_list=True, metrics=None, display=<pycaret.internal.display.display.CommonDisplay object at 0x0000015CF9428050>, model_only=True, return_train_score=False, error_score=0.0, kwargs={})
2024-04-27 16:24:30,164:INFO:Checking exceptions
2024-04-27 16:24:30,164:INFO:Importing libraries
2024-04-27 16:24:30,164:INFO:Copying training dataset
2024-04-27 16:24:30,167:INFO:Defining folds
2024-04-27 16:24:30,167:INFO:Declaring metric variables
2024-04-27 16:24:30,167:INFO:Importing untrained model
2024-04-27 16:24:30,168:INFO:Extreme Gradient Boosting Imported successfully
2024-04-27 16:24:30,168:INFO:Starting cross validation
2024-04-27 16:24:30,168:INFO:Cross validating with KFold(n_splits=10, random_state=None, shuffle=False), n_jobs=-1
2024-04-27 16:24:30,511:INFO:Calculating mean and std
2024-04-27 16:24:30,513:INFO:Creating metrics dataframe
2024-04-27 16:24:30,516:INFO:Uploading results into container
2024-04-27 16:24:30,516:INFO:Uploading model into container now
2024-04-27 16:24:30,516:INFO:_master_model_container: 17
2024-04-27 16:24:30,516:INFO:_display_container: 2
2024-04-27 16:24:30,517:INFO:XGBRegressor(base_score=None, booster='gbtree', callbacks=None,
             colsample_bylevel=None, colsample_bynode=None,
             colsample_bytree=None, device='cpu', early_stopping_rounds=None,
             enable_categorical=False, eval_metric=None, feature_types=None,
             gamma=None, grow_policy=None, importance_type=None,
             interaction_constraints=None, learning_rate=None, max_bin=None,
             max_cat_threshold=None, max_cat_to_onehot=None,
             max_delta_step=None, max_depth=None, max_leaves=None,
             min_child_weight=None, missing=nan, monotone_constraints=None,
             multi_strategy=None, n_estimators=None, n_jobs=-1,
             num_parallel_tree=None, random_state=8985, ...)
2024-04-27 16:24:30,518:INFO:create_model() successfully completed......................................
2024-04-27 16:24:30,658:INFO:SubProcess create_model() end ==================================
2024-04-27 16:24:30,658:INFO:Creating metrics dataframe
2024-04-27 16:24:30,662:INFO:Initializing Light Gradient Boosting Machine
2024-04-27 16:24:30,662:INFO:Total runtime is 0.09496171474456785 minutes
2024-04-27 16:24:30,662:INFO:SubProcess create_model() called ==================================
2024-04-27 16:24:30,663:INFO:Initializing create_model()
2024-04-27 16:24:30,663:INFO:create_model(self=<pycaret.regression.oop.RegressionExperiment object at 0x0000015CF32833D0>, estimator=lightgbm, fold=KFold(n_splits=10, random_state=None, shuffle=False), round=4, cross_validation=True, predict=True, fit_kwargs={}, groups=None, refit=False, probability_threshold=None, experiment_custom_tags=None, verbose=False, system=False, add_to_model_list=True, metrics=None, display=<pycaret.internal.display.display.CommonDisplay object at 0x0000015CF9428050>, model_only=True, return_train_score=False, error_score=0.0, kwargs={})
2024-04-27 16:24:30,663:INFO:Checking exceptions
2024-04-27 16:24:30,663:INFO:Importing libraries
2024-04-27 16:24:30,663:INFO:Copying training dataset
2024-04-27 16:24:30,665:INFO:Defining folds
2024-04-27 16:24:30,665:INFO:Declaring metric variables
2024-04-27 16:24:30,665:INFO:Importing untrained model
2024-04-27 16:24:30,665:INFO:Light Gradient Boosting Machine Imported successfully
2024-04-27 16:24:30,667:INFO:Starting cross validation
2024-04-27 16:24:30,667:INFO:Cross validating with KFold(n_splits=10, random_state=None, shuffle=False), n_jobs=-1
2024-04-27 16:24:31,293:INFO:Calculating mean and std
2024-04-27 16:24:31,294:INFO:Creating metrics dataframe
2024-04-27 16:24:31,298:INFO:Uploading results into container
2024-04-27 16:24:31,300:INFO:Uploading model into container now
2024-04-27 16:24:31,300:INFO:_master_model_container: 18
2024-04-27 16:24:31,300:INFO:_display_container: 2
2024-04-27 16:24:31,301:INFO:LGBMRegressor(n_jobs=-1, random_state=8985)
2024-04-27 16:24:31,301:INFO:create_model() successfully completed......................................
2024-04-27 16:24:31,471:INFO:SubProcess create_model() end ==================================
2024-04-27 16:24:31,471:INFO:Creating metrics dataframe
2024-04-27 16:24:31,475:INFO:Initializing Dummy Regressor
2024-04-27 16:24:31,476:INFO:Total runtime is 0.10852635701497394 minutes
2024-04-27 16:24:31,476:INFO:SubProcess create_model() called ==================================
2024-04-27 16:24:31,476:INFO:Initializing create_model()
2024-04-27 16:24:31,476:INFO:create_model(self=<pycaret.regression.oop.RegressionExperiment object at 0x0000015CF32833D0>, estimator=dummy, fold=KFold(n_splits=10, random_state=None, shuffle=False), round=4, cross_validation=True, predict=True, fit_kwargs={}, groups=None, refit=False, probability_threshold=None, experiment_custom_tags=None, verbose=False, system=False, add_to_model_list=True, metrics=None, display=<pycaret.internal.display.display.CommonDisplay object at 0x0000015CF9428050>, model_only=True, return_train_score=False, error_score=0.0, kwargs={})
2024-04-27 16:24:31,476:INFO:Checking exceptions
2024-04-27 16:24:31,476:INFO:Importing libraries
2024-04-27 16:24:31,476:INFO:Copying training dataset
2024-04-27 16:24:31,479:INFO:Defining folds
2024-04-27 16:24:31,479:INFO:Declaring metric variables
2024-04-27 16:24:31,479:INFO:Importing untrained model
2024-04-27 16:24:31,479:INFO:Dummy Regressor Imported successfully
2024-04-27 16:24:31,479:INFO:Starting cross validation
2024-04-27 16:24:31,480:INFO:Cross validating with KFold(n_splits=10, random_state=None, shuffle=False), n_jobs=-1
2024-04-27 16:24:31,547:INFO:Calculating mean and std
2024-04-27 16:24:31,548:INFO:Creating metrics dataframe
2024-04-27 16:24:31,551:INFO:Uploading results into container
2024-04-27 16:24:31,552:INFO:Uploading model into container now
2024-04-27 16:24:31,552:INFO:_master_model_container: 19
2024-04-27 16:24:31,552:INFO:_display_container: 2
2024-04-27 16:24:31,552:INFO:DummyRegressor()
2024-04-27 16:24:31,552:INFO:create_model() successfully completed......................................
2024-04-27 16:24:31,694:INFO:SubProcess create_model() end ==================================
2024-04-27 16:24:31,694:INFO:Creating metrics dataframe
2024-04-27 16:24:31,700:INFO:Initializing create_model()
2024-04-27 16:24:31,700:INFO:create_model(self=<pycaret.regression.oop.RegressionExperiment object at 0x0000015CF32833D0>, estimator=GradientBoostingRegressor(random_state=8985), fold=KFold(n_splits=10, random_state=None, shuffle=False), round=4, cross_validation=False, predict=False, fit_kwargs={}, groups=None, refit=True, probability_threshold=None, experiment_custom_tags=None, verbose=False, system=False, add_to_model_list=True, metrics=None, display=None, model_only=True, return_train_score=False, error_score=0.0, kwargs={})
2024-04-27 16:24:31,700:INFO:Checking exceptions
2024-04-27 16:24:31,701:INFO:Importing libraries
2024-04-27 16:24:31,701:INFO:Copying training dataset
2024-04-27 16:24:31,703:INFO:Defining folds
2024-04-27 16:24:31,704:INFO:Declaring metric variables
2024-04-27 16:24:31,704:INFO:Importing untrained model
2024-04-27 16:24:31,704:INFO:Declaring custom model
2024-04-27 16:24:31,704:INFO:Gradient Boosting Regressor Imported successfully
2024-04-27 16:24:31,705:INFO:Cross validation set to False
2024-04-27 16:24:31,705:INFO:Fitting Model
2024-04-27 16:24:31,831:INFO:GradientBoostingRegressor(random_state=8985)
2024-04-27 16:24:31,831:INFO:create_model() successfully completed......................................
2024-04-27 16:24:31,986:INFO:_master_model_container: 19
2024-04-27 16:24:31,986:INFO:_display_container: 2
2024-04-27 16:24:31,986:INFO:GradientBoostingRegressor(random_state=8985)
2024-04-27 16:24:31,986:INFO:compare_models() successfully completed......................................
2024-04-27 16:24:31,991:INFO:Initializing save_model()
2024-04-27 16:24:31,991:INFO:save_model(model=GradientBoostingRegressor(random_state=8985), model_name=best_model, prep_pipe_=Pipeline(memory=FastMemory(location=C:\Users\KIIT\AppData\Local\Temp\joblib),
         steps=[('numerical_imputer',
                 TransformerWrapper(include=['CRIM', 'ZN', 'INDUS', 'CHAS',
                                             'NOX', 'RM', 'AGE', 'DIS', 'RAD',
                                             'TAX', 'PTRATIO', 'B', 'LSTAT'],
                                    transformer=SimpleImputer())),
                ('categorical_imputer',
                 TransformerWrapper(include=[],
                                    transformer=SimpleImputer(strategy='most_frequent')))]), verbose=True, use_case=MLUsecase.REGRESSION, kwargs={})
2024-04-27 16:24:31,991:INFO:Adding model into prep_pipe
2024-04-27 16:24:32,000:INFO:best_model.pkl saved in current working directory
2024-04-27 16:24:32,006:INFO:Pipeline(memory=Memory(location=None),
         steps=[('numerical_imputer',
                 TransformerWrapper(include=['CRIM', 'ZN', 'INDUS', 'CHAS',
                                             'NOX', 'RM', 'AGE', 'DIS', 'RAD',
                                             'TAX', 'PTRATIO', 'B', 'LSTAT'],
                                    transformer=SimpleImputer())),
                ('categorical_imputer',
                 TransformerWrapper(include=[],
                                    transformer=SimpleImputer(strategy='most_frequent'))),
                ('trained_model',
                 GradientBoostingRegressor(random_state=8985))])
2024-04-27 16:24:32,006:INFO:save_model() successfully completed......................................
